Terminal log file
Date: 12/10/2025 - 4:25:49 PM
-----------------------------------------------

a_x -1.22 a_y: -5.82 a_z: -8.89 m/s^2
θ_x: 0.18 θ_y: 0.07 θ_z: 0.05 rad/s

a_x -1.22 a_y: -5.68 a_z: -8.66 m/s^2
θ_x: 0.16 θ_y: 0.05 θ_z: 0.04 rad/s

a_x -1.21 a_y: -5.62 a_z: -8.54 m/s^2
θ_x: 0.11 θ_y: 0.01 θ_z: 0.01 rad/s

a_x -1.22 a_y: -5.60 a_z: -8.56 m/s^2
θ_x: 0.05 θ_y: -0.04 θ_z: -0.01 rad/s

a_x -1.22 a_y: -5.69 a_z: -8.75 m/s^2
θ_x: -0.01 θ_y: -0.08 θ_z: -0.06 rad/s

a_x -1.21 a_y: -5.81 a_z: -8.99 m/s^2
θ_x: -0.04 θ_y: -0.09 θ_z: -0.08 rad/s

a_x -1.19 a_y: -5.88 a_z: -9.16 m/s^2
θ_x: -0.02 θ_y: -0.07 θ_z: -0.09 rad/s

a_x -1.14 a_y: -5.85 a_z: -9.14 m/s^2
θ_x: 0.04 θ_y: 0.00 θ_z: -0.04 rad/s

a_x -1.14 a_y: -5.73 a_z: -8.95 m/s^2
θ_x: 0.09 θ_y: 0.09 θ_z: 0.04 rad/s

a_x -1.15 a_y: -5.62 a_z: -8.75 m/s^2
θ_x: 0.08 θ_y: 0.12 θ_z: 0.09 rad/s

a_x -1.19 a_y: -5.55 a_z: -8.60 m/s^2
θ_x: 0.02 θ_y: 0.10 θ_z: 0.09 rad/s

a_x -1.23 a_y: -5.59 a_z: -8.59 m/s^2
θ_x: -0.06 θ_y: 0.06 θ_z: 0.06 rad/s

a_x -1.19 a_y: -5.66 a_z: -8.64 m/s^2
θ_x: -0.11 θ_y: 0.03 θ_z: 0.05 rad/s

a_x -1.23 a_y: -5.74 a_z: -8.79 m/s^2
θ_x: -0.15 θ_y: 0.01 θ_z: 0.05 rad/s

a_x -1.21 a_y: -5.84 a_z: -8.90 m/s^2
θ_x: -0.17 θ_y: 0.00 θ_z: 0.04 rad/s

a_x -1.20 a_y: -5.92 a_z: -8.99 m/s^2
θ_x: -0.16 θ_y: 0.01 θ_z: 0.04 rad/s

a_x -1.18 a_y: -5.96 a_z: -9.06 m/s^2
θ_x: -0.15 θ_y: 0.04 θ_z: 0.05 rad/s

a_x -1.16 a_y: -5.98 a_z: -8.97 m/s^2
θ_x: -0.10 θ_y: 0.09 θ_z: 0.09 rad/s

a_x -1.17 a_y: -5.92 a_z: -8.81 m/s^2
θ_x: -0.06 θ_y: 0.11 θ_z: 0.10 rad/s

a_x -1.20 a_y: -5.87 a_z: -8.68 m/s^2
θ_x: -0.06 θ_y: 0.10 θ_z: 0.09 rad/s

a_x -1.22 a_y: -5.83 a_z: -8.60 m/s^2
θ_x: -0.08 θ_y: 0.05 θ_z: 0.04 rad/s

a_x -1.21 a_y: -5.89 a_z: -8.62 m/s^2
θ_x: -0.10 θ_y: 0.01 θ_z: -0.01 rad/s

a_x -1.19 a_y: -5.95 a_z: -8.75 m/s^2
θ_x: -0.09 θ_y: -0.02 θ_z: -0.04 rad/s

a_x -1.21 a_y: -6.04 a_z: -8.90 m/s^2
θ_x: -0.08 θ_y: -0.01 θ_z: -0.07 rad/s

a_x -1.22 a_y: -6.10 a_z: -9.04 m/s^2
θ_x: -0.02 θ_y: 0.01 θ_z: -0.07 rad/s

a_x -1.19 a_y: -6.04 a_z: -9.02 m/s^2
θ_x: 0.07 θ_y: 0.05 θ_z: -0.05 rad/s

a_x -1.18 a_y: -5.92 a_z: -8.86 m/s^2
θ_x: 0.15 θ_y: 0.10 θ_z: -0.00 rad/s

a_x -1.22 a_y: -5.77 a_z: -8.68 m/s^2
θ_x: 0.16 θ_y: 0.12 θ_z: 0.03 rad/s

a_x -1.28 a_y: -5.74 a_z: -8.68 m/s^2
θ_x: 0.12 θ_y: 0.09 θ_z: 0.01 rad/s

a_x -1.30 a_y: -5.80 a_z: -8.83 m/s^2
θ_x: 0.08 θ_y: 0.04 θ_z: -0.03 rad/s

a_x -1.29 a_y: -5.82 a_z: -8.94 m/s^2
θ_x: 0.09 θ_y: 0.02 θ_z: -0.02 rad/s

a_x -1.25 a_y: -5.80 a_z: -8.95 m/s^2
θ_x: 0.12 θ_y: 0.02 θ_z: 0.02 rad/s

a_x -1.22 a_y: -5.75 a_z: -8.84 m/s^2
θ_x: 0.13 θ_y: 0.01 θ_z: 0.04 rad/s

a_x -1.18 a_y: -5.66 a_z: -8.75 m/s^2
θ_x: 0.11 θ_y: 0.01 θ_z: 0.04 rad/s

a_x -1.17 a_y: -5.61 a_z: -8.69 m/s^2
θ_x: 0.06 θ_y: 0.01 θ_z: 0.05 rad/s

a_x -1.18 a_y: -5.66 a_z: -8.77 m/s^2
θ_x: 0.00 θ_y: 0.01 θ_z: 0.05 rad/s

a_x -1.22 a_y: -5.74 a_z: -8.89 m/s^2
θ_x: -0.04 θ_y: -0.01 θ_z: 0.04 rad/s

a_x -1.25 a_y: -5.82 a_z: -9.00 m/s^2
θ_x: -0.06 θ_y: -0.03 θ_z: 0.02 rad/s

a_x -1.23 a_y: -5.85 a_z: -9.06 m/s^2
θ_x: -0.07 θ_y: -0.03 θ_z: 0.01 rad/s

a_x -1.24 a_y: -5.85 a_z: -9.02 m/s^2
θ_x: -0.06 θ_y: -0.02 θ_z: 0.01 rad/s

a_x -1.16 a_y: -5.81 a_z: -8.92 m/s^2
θ_x: -0.04 θ_y: 0.01 θ_z: 0.02 rad/s

a_x -1.15 a_y: -5.71 a_z: -8.72 m/s^2
θ_x: -0.03 θ_y: 0.04 θ_z: 0.05 rad/s

a_x -1.13 a_y: -5.66 a_z: -8.55 m/s^2
θ_x: -0.04 θ_y: 0.04 θ_z: 0.06 rad/s

a_x -1.13 a_y: -5.62 a_z: -8.45 m/s^2
θ_x: -0.09 θ_y: 0.03 θ_z: 0.06 rad/s

a_x -1.17 a_y: -5.69 a_z: -8.53 m/s^2
θ_x: -0.15 θ_y: -0.01 θ_z: 0.04 rad/s

a_x -1.22 a_y: -5.85 a_z: -8.75 m/s^2
θ_x: -0.19 θ_y: -0.04 θ_z: -0.00 rad/s

a_x -1.22 a_y: -5.98 a_z: -8.95 m/s^2
θ_x: -0.17 θ_y: -0.04 θ_z: -0.02 rad/s

a_x -1.21 a_y: -6.08 a_z: -9.12 m/s^2
θ_x: -0.12 θ_y: -0.00 θ_z: -0.00 rad/s

a_x -1.20 a_y: -6.08 a_z: -9.15 m/s^2
θ_x: -0.05 θ_y: 0.04 θ_z: 0.01 rad/s

a_x -1.17 a_y: -6.02 a_z: -9.05 m/s^2
θ_x: 0.01 θ_y: 0.07 θ_z: 0.03 rad/s

a_x -1.15 a_y: -5.94 a_z: -8.91 m/s^2
θ_x: 0.05 θ_y: 0.10 θ_z: 0.05 rad/s

a_x -1.17 a_y: -5.89 a_z: -8.77 m/s^2
θ_x: 0.06 θ_y: 0.11 θ_z: 0.06 rad/s

a_x -1.19 a_y: -5.82 a_z: -8.67 m/s^2
θ_x: 0.06 θ_y: 0.07 θ_z: 0.04 rad/s

a_x -1.18 a_y: -5.82 a_z: -8.70 m/s^2
θ_x: 0.02 θ_y: 0.01 θ_z: -0.03 rad/s

a_x -1.16 a_y: -5.87 a_z: -8.85 m/s^2
θ_x: 0.00 θ_y: -0.02 θ_z: -0.07 rad/s

a_x -1.15 a_y: -5.93 a_z: -9.01 m/s^2
θ_x: 0.01 θ_y: -0.01 θ_z: -0.08 rad/s

a_x -1.16 a_y: -5.97 a_z: -9.12 m/s^2
θ_x: 0.03 θ_y: 0.01 θ_z: -0.07 rad/s

a_x -1.13 a_y: -5.95 a_z: -9.11 m/s^2
θ_x: 0.09 θ_y: 0.05 θ_z: -0.06 rad/s

a_x -1.11 a_y: -5.81 a_z: -8.92 m/s^2
θ_x: 0.16 θ_y: 0.12 θ_z: 0.01 rad/s

a_x -1.13 a_y: -5.63 a_z: -8.63 m/s^2
θ_x: 0.17 θ_y: 0.16 θ_z: 0.07 rad/s

a_x -1.17 a_y: -5.52 a_z: -8.43 m/s^2
θ_x: 0.14 θ_y: 0.15 θ_z: 0.09 rad/s

a_x -1.21 a_y: -5.47 a_z: -8.39 m/s^2
θ_x: 0.06 θ_y: 0.10 θ_z: 0.06 rad/s

a_x -1.25 a_y: -5.61 a_z: -8.58 m/s^2
θ_x: -0.03 θ_y: 0.04 θ_z: 0.03 rad/s

a_x -1.26 a_y: -5.76 a_z: -8.82 m/s^2
θ_x: -0.06 θ_y: 0.02 θ_z: 0.04 rad/s

a_x -1.28 a_y: -5.83 a_z: -9.01 m/s^2
θ_x: -0.06 θ_y: 0.03 θ_z: 0.06 rad/s

a_x -1.27 a_y: -5.90 a_z: -9.11 m/s^2
θ_x: -0.05 θ_y: 0.05 θ_z: 0.08 rad/s

a_x -1.25 a_y: -5.94 a_z: -9.13 m/s^2
θ_x: -0.04 θ_y: 0.08 θ_z: 0.09 rad/s

a_x -1.24 a_y: -5.92 a_z: -9.05 m/s^2
θ_x: 0.00 θ_y: 0.10 θ_z: 0.11 rad/s

a_x -1.19 a_y: -5.80 a_z: -8.78 m/s^2
θ_x: 0.03 θ_y: 0.13 θ_z: 0.14 rad/s

a_x -1.21 a_y: -5.66 a_z: -8.52 m/s^2
θ_x: 0.00 θ_y: 0.11 θ_z: 0.15 rad/s

a_x -1.24 a_y: -5.65 a_z: -8.48 m/s^2
θ_x: -0.09 θ_y: 0.04 θ_z: 0.08 rad/s

a_x -1.25 a_y: -5.79 a_z: -8.61 m/s^2
θ_x: -0.18 θ_y: -0.05 θ_z: -0.02 rad/s

a_x -1.22 a_y: -5.94 a_z: -8.85 m/s^2
θ_x: -0.21 θ_y: -0.10 θ_z: -0.08 rad/s

a_x -1.19 a_y: -6.05 a_z: -9.03 m/s^2
θ_x: -0.16 θ_y: -0.09 θ_z: -0.07 rad/s

a_x -1.18 a_y: -6.05 a_z: -9.00 m/s^2
θ_x: -0.07 θ_y: -0.05 θ_z: -0.05 rad/s

a_x -1.14 a_y: -5.94 a_z: -8.84 m/s^2
θ_x: -0.01 θ_y: -0.03 θ_z: -0.04 rad/s

a_x -1.10 a_y: -5.83 a_z: -8.65 m/s^2
θ_x: 0.00 θ_y: -0.01 θ_z: -0.05 rad/s

a_x -1.12 a_y: -5.79 a_z: -8.58 m/s^2
θ_x: -0.01 θ_y: -0.00 θ_z: -0.04 rad/s

a_x -1.18 a_y: -5.82 a_z: -8.65 m/s^2
θ_x: -0.02 θ_y: -0.01 θ_z: -0.05 rad/s

a_x -1.22 a_y: -5.90 a_z: -8.81 m/s^2
θ_x: -0.03 θ_y: -0.03 θ_z: -0.06 rad/s

a_x -1.22 a_y: -5.96 a_z: -9.00 m/s^2
θ_x: -0.00 θ_y: -0.04 θ_z: -0.08 rad/s

a_x -1.19 a_y: -5.98 a_z: -9.12 m/s^2
θ_x: 0.05 θ_y: -0.01 θ_z: -0.05 rad/s

a_x -1.15 a_y: -5.93 a_z: -9.10 m/s^2
θ_x: 0.12 θ_y: 0.04 θ_z: 0.01 rad/s

a_x -1.15 a_y: -5.83 a_z: -8.92 m/s^2
θ_x: 0.16 θ_y: 0.07 θ_z: 0.04 rad/s

a_x -1.10 a_y: -5.71 a_z: -8.76 m/s^2
θ_x: 0.17 θ_y: 0.09 θ_z: 0.06 rad/s

a_x -1.09 a_y: -5.62 a_z: -8.65 m/s^2
θ_x: 0.13 θ_y: 0.10 θ_z: 0.08 rad/s

a_x -1.14 a_y: -5.64 a_z: -8.63 m/s^2
θ_x: 0.08 θ_y: 0.08 θ_z: 0.08 rad/s

a_x -1.18 a_y: -5.66 a_z: -8.69 m/s^2
θ_x: 0.03 θ_y: 0.04 θ_z: 0.06 rad/s

a_x -1.18 a_y: -5.70 a_z: -8.78 m/s^2
θ_x: -0.01 θ_y: 0.02 θ_z: 0.03 rad/s

a_x -1.18 a_y: -5.77 a_z: -8.87 m/s^2
θ_x: -0.04 θ_y: 0.01 θ_z: 0.02 rad/s

a_x -1.19 a_y: -5.82 a_z: -8.97 m/s^2
θ_x: -0.05 θ_y: 0.03 θ_z: 0.03 rad/s

a_x -1.21 a_y: -5.84 a_z: -8.95 m/s^2
θ_x: -0.04 θ_y: 0.04 θ_z: 0.04 rad/s

a_x -1.20 a_y: -5.80 a_z: -8.87 m/s^2
θ_x: -0.04 θ_y: 0.06 θ_z: 0.06 rad/s

a_x -1.18 a_y: -5.76 a_z: -8.75 m/s^2
θ_x: -0.05 θ_y: 0.07 θ_z: 0.07 rad/s

a_x -1.21 a_y: -5.76 a_z: -8.67 m/s^2
θ_x: -0.07 θ_y: 0.06 θ_z: 0.08 rad/s

a_x -1.23 a_y: -5.76 a_z: -8.67 m/s^2
θ_x: -0.11 θ_y: 0.04 θ_z: 0.05 rad/s

a_x -1.27 a_y: -5.85 a_z: -8.77 m/s^2
θ_x: -0.15 θ_y: -0.00 θ_z: 0.01 rad/s

a_x -1.26 a_y: -5.93 a_z: -8.92 m/s^2
θ_x: -0.15 θ_y: -0.03 θ_z: -0.01 rad/s

a_x -1.21 a_y: -6.01 a_z: -8.99 m/s^2
θ_x: -0.12 θ_y: -0.03 θ_z: -0.02 rad/s

a_x -1.19 a_y: -5.99 a_z: -8.94 m/s^2
θ_x: -0.06 θ_y: -0.00 θ_z: -0.01 rad/s

a_x -1.10 a_y: -5.91 a_z: -8.83 m/s^2
θ_x: -0.01 θ_y: 0.03 θ_z: -0.00 rad/s

a_x -1.12 a_y: -5.84 a_z: -8.70 m/s^2
θ_x: 0.01 θ_y: 0.05 θ_z: 0.01 rad/s

a_x -1.15 a_y: -5.78 a_z: -8.68 m/s^2
θ_x: -0.01 θ_y: 0.04 θ_z: -0.02 rad/s

a_x -1.19 a_y: -5.86 a_z: -8.72 m/s^2
θ_x: -0.03 θ_y: 0.02 θ_z: -0.03 rad/s

a_x -1.20 a_y: -5.91 a_z: -8.87 m/s^2
θ_x: -0.01 θ_y: -0.00 θ_z: -0.05 rad/s

a_x -1.19 a_y: -5.92 a_z: -8.86 m/s^2
θ_x: 0.03 θ_y: -0.00 θ_z: -0.05 rad/s

a_x -1.14 a_y: -5.86 a_z: -8.87 m/s^2
θ_x: 0.05 θ_y: 0.01 θ_z: -0.03 rad/s

a_x -1.15 a_y: -5.84 a_z: -8.86 m/s^2
θ_x: 0.05 θ_y: 0.02 θ_z: -0.03 rad/s

a_x -1.17 a_y: -5.84 a_z: -8.87 m/s^2
θ_x: 0.05 θ_y: 0.03 θ_z: -0.02 rad/s

a_x -1.13 a_y: -5.80 a_z: -8.88 m/s^2
θ_x: 0.08 θ_y: 0.05 θ_z: 0.01 rad/s

a_x -1.16 a_y: -5.73 a_z: -8.78 m/s^2
θ_x: 0.09 θ_y: 0.07 θ_z: 0.07 rad/s

a_x -1.21 a_y: -5.71 a_z: -8.71 m/s^2
θ_x: 0.06 θ_y: 0.07 θ_z: 0.09 rad/s

a_x -1.24 a_y: -5.77 a_z: -8.78 m/s^2
θ_x: 0.01 θ_y: 0.02 θ_z: 0.06 rad/s

a_x -1.23 a_y: -5.80 a_z: -8.88 m/s^2
θ_x: -0.02 θ_y: -0.01 θ_z: 0.02 rad/s

a_x -1.19 a_y: -5.85 a_z: -8.95 m/s^2
θ_x: -0.01 θ_y: -0.01 θ_z: 0.03 rad/s

a_x -1.16 a_y: -5.83 a_z: -8.92 m/s^2
θ_x: 0.02 θ_y: 0.02 θ_z: 0.05 rad/s

a_x -1.17 a_y: -5.80 a_z: -8.84 m/s^2
θ_x: 0.04 θ_y: 0.03 θ_z: 0.06 rad/s

a_x -1.14 a_y: -5.73 a_z: -8.67 m/s^2
θ_x: 0.04 θ_y: 0.04 θ_z: 0.06 rad/s

a_x -1.13 a_y: -5.67 a_z: -8.59 m/s^2
θ_x: 0.01 θ_y: 0.03 θ_z: 0.04 rad/s

a_x -1.19 a_y: -5.67 a_z: -8.62 m/s^2
θ_x: -0.04 θ_y: 0.02 θ_z: 0.03 rad/s

a_x -1.24 a_y: -5.77 a_z: -8.76 m/s^2
θ_x: -0.08 θ_y: -0.01 θ_z: -0.00 rad/s

a_x -1.26 a_y: -5.88 a_z: -8.91 m/s^2
θ_x: -0.10 θ_y: -0.03 θ_z: -0.04 rad/s

a_x -1.25 a_y: -5.97 a_z: -9.05 m/s^2
θ_x: -0.07 θ_y: -0.03 θ_z: -0.04 rad/s

a_x -1.21 a_y: -5.93 a_z: -9.09 m/s^2
θ_x: -0.03 θ_y: 0.01 θ_z: -0.02 rad/s

a_x -1.18 a_y: -5.88 a_z: -8.96 m/s^2
θ_x: 0.01 θ_y: 0.05 θ_z: 0.01 rad/s

a_x -1.19 a_y: -5.79 a_z: -8.84 m/s^2
θ_x: 0.02 θ_y: 0.06 θ_z: 0.03 rad/s

a_x -1.18 a_y: -5.72 a_z: -8.74 m/s^2
θ_x: -0.01 θ_y: 0.06 θ_z: 0.03 rad/s

a_x -1.18 a_y: -5.73 a_z: -8.66 m/s^2
θ_x: -0.03 θ_y: 0.04 θ_z: 0.03 rad/s

a_x -1.20 a_y: -5.76 a_z: -8.71 m/s^2
θ_x: -0.05 θ_y: 0.02 θ_z: 0.02 rad/s

a_x -1.18 a_y: -5.82 a_z: -8.77 m/s^2
θ_x: -0.07 θ_y: -0.01 θ_z: 0.00 rad/s

a_x -1.15 a_y: -5.84 a_z: -8.84 m/s^2
θ_x: -0.07 θ_y: -0.02 θ_z: -0.01 rad/s

a_x -1.14 a_y: -5.87 a_z: -8.87 m/s^2
θ_x: -0.06 θ_y: -0.01 θ_z: -0.01 rad/s

a_x -1.13 a_y: -5.87 a_z: -8.88 m/s^2
θ_x: -0.03 θ_y: 0.02 θ_z: 0.00 rad/s

a_x -1.13 a_y: -5.83 a_z: -8.88 m/s^2
θ_x: -0.01 θ_y: 0.04 θ_z: 0.02 rad/s

a_x -1.15 a_y: -5.84 a_z: -8.83 m/s^2
θ_x: -0.00 θ_y: 0.06 θ_z: 0.03 rad/s

a_x -1.18 a_y: -5.84 a_z: -8.84 m/s^2
θ_x: -0.01 θ_y: 0.06 θ_z: 0.03 rad/s

a_x -1.22 a_y: -5.86 a_z: -8.86 m/s^2
θ_x: -0.01 θ_y: 0.06 θ_z: 0.04 rad/s

a_x -1.25 a_y: -5.89 a_z: -8.90 m/s^2
θ_x: -0.01 θ_y: 0.04 θ_z: 0.03 rad/s

a_x -1.22 a_y: -5.88 a_z: -8.90 m/s^2
θ_x: 0.00 θ_y: 0.03 θ_z: 0.02 rad/s

a_x -1.19 a_y: -5.87 a_z: -8.86 m/s^2
θ_x: 0.01 θ_y: 0.04 θ_z: 0.04 rad/s

a_x -1.16 a_y: -5.83 a_z: -8.86 m/s^2
θ_x: 0.02 θ_y: 0.04 θ_z: 0.05 rad/s

a_x -1.18 a_y: -5.83 a_z: -8.77 m/s^2
θ_x: 0.02 θ_y: 0.04 θ_z: 0.03 rad/s

a_x -1.15 a_y: -5.80 a_z: -8.71 m/s^2
θ_x: 0.03 θ_y: 0.04 θ_z: 0.03 rad/s

a_x -1.16 a_y: -5.79 a_z: -8.76 m/s^2
θ_x: 0.02 θ_y: 0.05 θ_z: 0.03 rad/s

a_x -1.20 a_y: -5.83 a_z: -8.78 m/s^2
θ_x: -0.00 θ_y: 0.05 θ_z: 0.03 rad/s

a_x -1.23 a_y: -5.88 a_z: -8.92 m/s^2
θ_x: -0.03 θ_y: 0.03 θ_z: -0.01 rad/s

a_x -1.24 a_y: -5.95 a_z: -9.05 m/s^2
θ_x: -0.01 θ_y: 0.02 θ_z: -0.03 rad/s

a_x -1.20 a_y: -5.92 a_z: -8.98 m/s^2
θ_x: 0.04 θ_y: 0.03 θ_z: -0.02 rad/s

a_x -1.16 a_y: -5.79 a_z: -8.81 m/s^2
θ_x: 0.08 θ_y: 0.06 θ_z: 0.02 rad/s

a_x -1.17 a_y: -5.69 a_z: -8.65 m/s^2
θ_x: 0.07 θ_y: 0.07 θ_z: 0.04 rad/s

a_x -1.22 a_y: -5.66 a_z: -8.59 m/s^2
θ_x: 0.01 θ_y: 0.03 θ_z: 0.02 rad/s

a_x -1.22 a_y: -5.72 a_z: -8.68 m/s^2
θ_x: -0.03 θ_y: -0.01 θ_z: -0.01 rad/s

a_x -1.19 a_y: -5.79 a_z: -8.78 m/s^2
θ_x: -0.04 θ_y: -0.03 θ_z: -0.02 rad/s

a_x -1.22 a_y: -5.84 a_z: -8.91 m/s^2
θ_x: -0.05 θ_y: -0.03 θ_z: -0.01 rad/s

a_x -1.23 a_y: -5.94 a_z: -9.10 m/s^2
θ_x: -0.07 θ_y: -0.03 θ_z: -0.02 rad/s

a_x -1.24 a_y: -6.00 a_z: -9.20 m/s^2
θ_x: -0.05 θ_y: -0.03 θ_z: -0.05 rad/s

a_x -1.14 a_y: -5.96 a_z: -9.14 m/s^2
θ_x: 0.02 θ_y: 0.01 θ_z: -0.03 rad/s

a_x -1.10 a_y: -5.82 a_z: -8.93 m/s^2
θ_x: 0.09 θ_y: 0.07 θ_z: 0.03 rad/s

a_x -1.10 a_y: -5.65 a_z: -8.58 m/s^2
θ_x: 0.10 θ_y: 0.11 θ_z: 0.07 rad/s

a_x -1.13 a_y: -5.53 a_z: -8.39 m/s^2
θ_x: 0.05 θ_y: 0.09 θ_z: 0.06 rad/s

a_x -1.14 a_y: -5.57 a_z: -8.43 m/s^2
θ_x: -0.03 θ_y: 0.04 θ_z: 0.01 rad/s

a_x -1.18 a_y: -5.68 a_z: -8.64 m/s^2
θ_x: -0.09 θ_y: 0.01 θ_z: -0.00 rad/s

a_x -1.24 a_y: -5.82 a_z: -8.88 m/s^2
θ_x: -0.12 θ_y: -0.01 θ_z: -0.00 rad/s

a_x -1.26 a_y: -5.97 a_z: -9.13 m/s^2
θ_x: -0.12 θ_y: -0.01 θ_z: -0.00 rad/s

a_x -1.26 a_y: -6.05 a_z: -9.26 m/s^2
θ_x: -0.08 θ_y: 0.01 θ_z: 0.01 rad/s

a_x -1.19 a_y: -6.00 a_z: -9.17 m/s^2
θ_x: -0.00 θ_y: 0.04 θ_z: 0.07 rad/s

a_x -1.17 a_y: -5.86 a_z: -8.88 m/s^2
θ_x: 0.05 θ_y: 0.07 θ_z: 0.11 rad/s

a_x -1.13 a_y: -5.69 a_z: -8.57 m/s^2
θ_x: 0.04 θ_y: 0.07 θ_z: 0.12 rad/s

a_x -1.15 a_y: -5.63 a_z: -8.41 m/s^2
θ_x: -0.04 θ_y: 0.02 θ_z: 0.08 rad/s

a_x -1.19 a_y: -5.74 a_z: -8.54 m/s^2
θ_x: -0.13 θ_y: -0.06 θ_z: 0.01 rad/s

a_x -1.15 a_y: -5.92 a_z: -8.74 m/s^2
θ_x: -0.16 θ_y: -0.13 θ_z: -0.08 rad/s

a_x -1.13 a_y: -6.01 a_z: -8.83 m/s^2
θ_x: -0.11 θ_y: -0.18 θ_z: -0.12 rad/s

a_x -1.02 a_y: -6.03 a_z: -8.75 m/s^2
θ_x: -0.06 θ_y: -0.22 θ_z: -0.22 rad/s

a_x -0.92 a_y: -5.85 a_z: -8.57 m/s^2
θ_x: -0.04 θ_y: -0.27 θ_z: -0.29 rad/s

a_x -0.91 a_y: -5.96 a_z: -8.75 m/s^2
θ_x: -0.17 θ_y: -0.32 θ_z: -0.51 rad/s

a_x -0.78 a_y: -6.22 a_z: -9.32 m/s^2
θ_x: -0.30 θ_y: -0.31 θ_z: -0.65 rad/s

a_x -1.03 a_y: -6.41 a_z: -9.82 m/s^2
θ_x: -0.16 θ_y: -0.22 θ_z: -0.49 rad/s

a_x -0.92 a_y: -6.57 a_z: -10.30 m/s^2
θ_x: -0.22 θ_y: -0.14 θ_z: -0.80 rad/s

a_x -0.75 a_y: -6.52 a_z: -10.31 m/s^2
θ_x: 0.05 θ_y: 0.09 θ_z: -0.47 rad/s

a_x -0.89 a_y: -6.18 a_z: -9.97 m/s^2
θ_x: 0.14 θ_y: 0.36 θ_z: -0.30 rad/s

a_x -0.95 a_y: -5.89 a_z: -9.39 m/s^2
θ_x: 0.20 θ_y: 0.45 θ_z: -0.15 rad/s

a_x -0.92 a_y: -5.51 a_z: -8.72 m/s^2
θ_x: 0.20 θ_y: 0.46 θ_z: -0.14 rad/s

a_x -0.87 a_y: -5.29 a_z: -8.23 m/s^2
θ_x: 0.13 θ_y: 0.45 θ_z: -0.02 rad/s

a_x -0.88 a_y: -5.15 a_z: -7.96 m/s^2
θ_x: 0.05 θ_y: 0.45 θ_z: 0.10 rad/s

a_x -1.00 a_y: -5.25 a_z: -8.00 m/s^2
θ_x: -0.05 θ_y: 0.34 θ_z: 0.16 rad/s

a_x -0.97 a_y: -5.36 a_z: -8.22 m/s^2
θ_x: -0.13 θ_y: 0.22 θ_z: 0.14 rad/s

a_x -0.97 a_y: -5.60 a_z: -8.61 m/s^2
θ_x: -0.18 θ_y: 0.16 θ_z: 0.16 rad/s

a_x -1.02 a_y: -5.85 a_z: -9.03 m/s^2
θ_x: -0.18 θ_y: 0.18 θ_z: 0.25 rad/s

a_x -1.18 a_y: -6.12 a_z: -9.42 m/s^2
θ_x: -0.16 θ_y: 0.17 θ_z: 0.24 rad/s

a_x -1.21 a_y: -6.31 a_z: -9.66 m/s^2
θ_x: -0.08 θ_y: 0.15 θ_z: 0.18 rad/s

a_x -1.11 a_y: -6.22 a_z: -9.49 m/s^2
θ_x: 0.08 θ_y: 0.17 θ_z: 0.15 rad/s

a_x -1.05 a_y: -5.93 a_z: -9.02 m/s^2
θ_x: 0.20 θ_y: 0.22 θ_z: 0.18 rad/s

a_x -1.04 a_y: -5.66 a_z: -8.48 m/s^2
θ_x: 0.26 θ_y: 0.21 θ_z: 0.16 rad/s

a_x -1.07 a_y: -5.34 a_z: -8.04 m/s^2
θ_x: 0.21 θ_y: 0.12 θ_z: 0.11 rad/s

a_x -1.06 a_y: -5.21 a_z: -7.82 m/s^2
θ_x: 0.07 θ_y: -0.04 θ_z: -0.03 rad/s

a_x -1.08 a_y: -5.27 a_z: -7.95 m/s^2
θ_x: -0.06 θ_y: -0.17 θ_z: -0.10 rad/s

a_x -1.13 a_y: -5.48 a_z: -8.40 m/s^2
θ_x: -0.18 θ_y: -0.27 θ_z: -0.18 rad/s

a_x -1.15 a_y: -5.73 a_z: -8.92 m/s^2
θ_x: -0.20 θ_y: -0.32 θ_z: -0.25 rad/s

a_x -1.12 a_y: -5.84 a_z: -9.24 m/s^2
θ_x: -0.13 θ_y: -0.29 θ_z: -0.22 rad/s

a_x -1.02 a_y: -5.80 a_z: -9.21 m/s^2
θ_x: -0.00 θ_y: -0.25 θ_z: -0.17 rad/s

a_x -0.90 a_y: -5.59 a_z: -8.90 m/s^2
θ_x: 0.08 θ_y: -0.19 θ_z: -0.11 rad/s

a_x -0.79 a_y: -5.35 a_z: -8.56 m/s^2
θ_x: 0.05 θ_y: -0.14 θ_z: -0.06 rad/s

a_x -0.84 a_y: -5.33 a_z: -8.53 m/s^2
θ_x: -0.07 θ_y: -0.15 θ_z: -0.03 rad/s

a_x -0.90 a_y: -5.49 a_z: -8.80 m/s^2
θ_x: -0.21 θ_y: -0.22 θ_z: -0.11 rad/s

a_x -0.88 a_y: -5.73 a_z: -9.27 m/s^2
θ_x: -0.29 θ_y: -0.27 θ_z: -0.18 rad/s

a_x -0.79 a_y: -5.90 a_z: -9.58 m/s^2
θ_x: -0.27 θ_y: -0.24 θ_z: -0.14 rad/s

a_x -0.74 a_y: -5.95 a_z: -9.65 m/s^2
θ_x: -0.24 θ_y: -0.17 θ_z: -0.10 rad/s

a_x -0.61 a_y: -5.90 a_z: -9.42 m/s^2
θ_x: -0.18 θ_y: -0.09 θ_z: -0.06 rad/s

a_x -0.49 a_y: -5.67 a_z: -9.02 m/s^2
θ_x: -0.14 θ_y: -0.00 θ_z: -0.00 rad/s

a_x -0.44 a_y: -5.55 a_z: -8.63 m/s^2
θ_x: -0.18 θ_y: 0.09 θ_z: 0.05 rad/s

a_x -0.56 a_y: -5.66 a_z: -8.41 m/s^2
θ_x: -0.22 θ_y: 0.13 θ_z: 0.15 rad/s

a_x -1.13 a_y: -5.08 a_z: -8.55 m/s^2
θ_x: -0.37 θ_y: 0.14 θ_z: 0.84 rad/s

a_x -0.89 a_y: -5.97 a_z: -8.87 m/s^2
θ_x: -0.40 θ_y: 0.17 θ_z: 0.74 rad/s

a_x -1.54 a_y: -6.14 a_z: -9.18 m/s^2
θ_x: -0.20 θ_y: 0.09 θ_z: 0.43 rad/s

a_x -1.30 a_y: -6.40 a_z: -9.39 m/s^2
θ_x: -0.11 θ_y: -0.02 θ_z: 0.10 rad/s

a_x -0.87 a_y: -6.43 a_z: -9.41 m/s^2
θ_x: 0.05 θ_y: 0.03 θ_z: -0.01 rad/s

a_x -0.66 a_y: -6.45 a_z: -9.32 m/s^2
θ_x: 0.16 θ_y: 0.15 θ_z: 0.18 rad/s

a_x -0.76 a_y: -6.37 a_z: -9.20 m/s^2
θ_x: 0.23 θ_y: 0.21 θ_z: 0.33 rad/s

a_x -0.80 a_y: -6.17 a_z: -8.94 m/s^2
θ_x: 0.29 θ_y: 0.19 θ_z: 0.30 rad/s

a_x -0.87 a_y: -5.85 a_z: -8.62 m/s^2
θ_x: 0.33 θ_y: 0.22 θ_z: 0.13 rad/s

a_x -1.00 a_y: -5.72 a_z: -8.49 m/s^2
θ_x: 0.29 θ_y: 0.24 θ_z: -0.11 rad/s

a_x -1.09 a_y: -5.73 a_z: -8.71 m/s^2
θ_x: 0.23 θ_y: 0.18 θ_z: -0.42 rad/s

a_x -1.06 a_y: -5.76 a_z: -9.02 m/s^2
θ_x: 0.18 θ_y: 0.07 θ_z: -0.64 rad/s

a_x -0.90 a_y: -5.74 a_z: -9.21 m/s^2
θ_x: 0.16 θ_y: 0.02 θ_z: -0.65 rad/s

a_x -0.88 a_y: -5.37 a_z: -9.21 m/s^2
θ_x: 0.16 θ_y: 0.07 θ_z: -0.24 rad/s

a_x -0.86 a_y: -5.46 a_z: -9.05 m/s^2
θ_x: 0.13 θ_y: 0.10 θ_z: -0.09 rad/s

a_x -1.14 a_y: -5.05 a_z: -8.94 m/s^2
θ_x: 0.19 θ_y: 0.21 θ_z: -0.09 rad/s

a_x -1.24 a_y: -4.79 a_z: -8.78 m/s^2
θ_x: -0.01 θ_y: 0.05 θ_z: 0.08 rad/s

a_x -1.14 a_y: -4.93 a_z: -8.69 m/s^2
θ_x: -0.10 θ_y: 0.02 θ_z: 0.04 rad/s

a_x -1.24 a_y: -4.92 a_z: -8.77 m/s^2
θ_x: -0.16 θ_y: -0.03 θ_z: 0.16 rad/s

a_x -1.09 a_y: -5.55 a_z: -8.56 m/s^2
θ_x: -0.32 θ_y: -0.15 θ_z: 0.14 rad/s

a_x 3.97 a_y: -10.34 a_z: -9.74 m/s^2
θ_x: -0.57 θ_y: 0.05 θ_z: -2.47 rad/s

a_x 2.57 a_y: -8.43 a_z: -11.13 m/s^2
θ_x: 1.71 θ_y: 0.73 θ_z: 0.14 rad/s

a_x -0.17 a_y: -4.96 a_z: -9.86 m/s^2
θ_x: 1.10 θ_y: 1.43 θ_z: -0.51 rad/s

a_x -0.49 a_y: -5.47 a_z: -9.37 m/s^2
θ_x: 0.76 θ_y: 1.28 θ_z: -0.38 rad/s

a_x 0.02 a_y: -6.46 a_z: -8.96 m/s^2
θ_x: 0.72 θ_y: 0.98 θ_z: -1.35 rad/s

a_x 1.29 a_y: -5.65 a_z: -7.93 m/s^2
θ_x: 0.63 θ_y: 0.67 θ_z: -1.23 rad/s

a_x 1.68 a_y: -5.21 a_z: -8.13 m/s^2
θ_x: 0.13 θ_y: 0.62 θ_z: -1.67 rad/s

a_x 3.04 a_y: -6.80 a_z: -10.33 m/s^2
θ_x: -0.35 θ_y: 0.69 θ_z: -1.32 rad/s

a_x 2.76 a_y: -7.29 a_z: -10.76 m/s^2
θ_x: -0.52 θ_y: 0.97 θ_z: -2.14 rad/s

a_x 2.82 a_y: -7.39 a_z: -12.22 m/s^2
θ_x: -0.28 θ_y: 1.01 θ_z: -1.58 rad/s

a_x 2.26 a_y: -9.41 a_z: -15.41 m/s^2
θ_x: -0.05 θ_y: 1.76 θ_z: -2.40 rad/s

a_x 3.84 a_y: -10.79 a_z: -11.36 m/s^2
θ_x: 0.67 θ_y: 1.91 θ_z: -1.20 rad/s

a_x 5.37 a_y: -7.81 a_z: -10.11 m/s^2
θ_x: 1.06 θ_y: 2.24 θ_z: -2.11 rad/s

a_x 5.72 a_y: -4.58 a_z: -10.06 m/s^2
θ_x: 0.57 θ_y: 2.52 θ_z: -2.59 rad/s

a_x 6.83 a_y: -4.03 a_z: -10.80 m/s^2
θ_x: -0.40 θ_y: 2.84 θ_z: -3.02 rad/s

a_x 6.74 a_y: -4.77 a_z: -9.73 m/s^2
θ_x: -1.44 θ_y: 4.16 θ_z: -4.48 rad/s

a_x 5.48 a_y: -6.51 a_z: -9.98 m/s^2
θ_x: -1.85 θ_y: 4.62 θ_z: -3.52 rad/s

a_x 5.47 a_y: -8.17 a_z: -9.98 m/s^2
θ_x: -1.91 θ_y: 4.78 θ_z: -3.92 rad/s

a_x 5.86 a_y: -9.21 a_z: -10.40 m/s^2
θ_x: -0.79 θ_y: 4.92 θ_z: -3.95 rad/s

a_x 6.81 a_y: -9.06 a_z: -9.14 m/s^2
θ_x: -0.12 θ_y: 5.10 θ_z: -3.83 rad/s

a_x 9.25 a_y: -5.36 a_z: -9.20 m/s^2
θ_x: 0.71 θ_y: 5.18 θ_z: -3.31 rad/s

a_x 11.33 a_y: -3.75 a_z: -9.29 m/s^2
θ_x: 0.22 θ_y: 5.76 θ_z: -4.20 rad/s

a_x 12.96 a_y: -3.28 a_z: -9.87 m/s^2
θ_x: -0.56 θ_y: 6.81 θ_z: -4.43 rad/s

a_x 9.27 a_y: -5.50 a_z: -8.68 m/s^2
θ_x: -0.83 θ_y: 7.91 θ_z: -4.18 rad/s

a_x 5.54 a_y: -7.25 a_z: -6.36 m/s^2
θ_x: -0.06 θ_y: 7.63 θ_z: -3.77 rad/s

a_x 4.28 a_y: -5.19 a_z: -4.44 m/s^2
θ_x: 0.96 θ_y: 6.33 θ_z: -3.58 rad/s

a_x 6.39 a_y: -2.39 a_z: -2.97 m/s^2
θ_x: 1.48 θ_y: 5.11 θ_z: -2.90 rad/s

a_x 10.39 a_y: 0.42 a_z: -2.58 m/s^2
θ_x: 1.08 θ_y: 4.42 θ_z: -3.35 rad/s

a_x 12.38 a_y: 1.35 a_z: -2.62 m/s^2
θ_x: 0.55 θ_y: 5.05 θ_z: -2.96 rad/s

a_x 12.48 a_y: -0.88 a_z: -3.12 m/s^2
θ_x: -0.02 θ_y: 5.90 θ_z: -3.06 rad/s

a_x 10.41 a_y: -2.25 a_z: -2.29 m/s^2
θ_x: 0.11 θ_y: 6.66 θ_z: -2.69 rad/s

a_x 7.20 a_y: -1.89 a_z: -1.78 m/s^2
θ_x: 0.54 θ_y: 6.84 θ_z: -2.64 rad/s

a_x 3.08 a_y: -1.31 a_z: 1.02 m/s^2
θ_x: 1.40 θ_y: 6.74 θ_z: -1.40 rad/s

a_x -0.13 a_y: 1.00 a_z: 3.73 m/s^2
θ_x: 1.52 θ_y: 5.30 θ_z: -2.18 rad/s

a_x -0.80 a_y: 2.39 a_z: 4.74 m/s^2
θ_x: 1.47 θ_y: 3.77 θ_z: -1.86 rad/s

a_x 0.59 a_y: 3.33 a_z: 4.60 m/s^2
θ_x: 1.26 θ_y: 2.22 θ_z: -1.17 rad/s

a_x 6.02 a_y: 3.04 a_z: 3.72 m/s^2
θ_x: 0.70 θ_y: 1.43 θ_z: -1.46 rad/s

a_x 8.96 a_y: 3.31 a_z: 3.05 m/s^2
θ_x: 1.02 θ_y: 2.65 θ_z: -1.23 rad/s

a_x 5.69 a_y: 4.57 a_z: 4.40 m/s^2
θ_x: 1.10 θ_y: 4.01 θ_z: -0.88 rad/s

a_x 2.38 a_y: 4.60 a_z: 5.48 m/s^2
θ_x: 0.94 θ_y: 3.92 θ_z: -0.51 rad/s

a_x 0.14 a_y: 5.36 a_z: 6.02 m/s^2
θ_x: 0.75 θ_y: 3.47 θ_z: -0.90 rad/s

a_x -1.15 a_y: 4.30 a_z: 6.64 m/s^2
θ_x: 0.77 θ_y: 2.67 θ_z: -0.71 rad/s

a_x -0.77 a_y: 5.37 a_z: 7.48 m/s^2
θ_x: 0.39 θ_y: 1.31 θ_z: -0.58 rad/s

a_x 1.05 a_y: 4.69 a_z: 6.59 m/s^2
θ_x: 0.02 θ_y: 0.74 θ_z: -0.63 rad/s

a_x 2.79 a_y: 3.88 a_z: 6.12 m/s^2
θ_x: 0.02 θ_y: 0.75 θ_z: -0.83 rad/s

a_x 4.24 a_y: 4.99 a_z: 5.99 m/s^2
θ_x: 0.57 θ_y: 1.26 θ_z: -0.59 rad/s

a_x 2.55 a_y: 7.95 a_z: 6.05 m/s^2
θ_x: 0.83 θ_y: 2.22 θ_z: 0.14 rad/s

a_x -1.81 a_y: 9.32 a_z: 7.14 m/s^2
θ_x: 0.43 θ_y: 2.58 θ_z: 0.87 rad/s

a_x -6.35 a_y: 8.52 a_z: 7.98 m/s^2
θ_x: -0.08 θ_y: 1.77 θ_z: 0.88 rad/s

a_x -8.91 a_y: 9.33 a_z: 7.48 m/s^2
θ_x: -0.87 θ_y: -0.10 θ_z: 0.41 rad/s

a_x -7.67 a_y: 7.77 a_z: 7.38 m/s^2
θ_x: -1.58 θ_y: -1.84 θ_z: -0.15 rad/s

a_x -2.81 a_y: 3.82 a_z: 6.04 m/s^2
θ_x: -1.85 θ_y: -3.89 θ_z: 1.19 rad/s

a_x 4.43 a_y: 1.20 a_z: 4.67 m/s^2
θ_x: -1.71 θ_y: -4.22 θ_z: 0.78 rad/s

a_x 8.01 a_y: 3.47 a_z: 4.55 m/s^2
θ_x: -1.22 θ_y: -3.01 θ_z: 1.01 rad/s

a_x 4.62 a_y: 6.22 a_z: 5.76 m/s^2
θ_x: -1.33 θ_y: -1.75 θ_z: 0.81 rad/s

a_x -0.82 a_y: 5.11 a_z: 6.85 m/s^2
θ_x: -1.70 θ_y: -2.24 θ_z: 1.29 rad/s

a_x -1.25 a_y: 4.01 a_z: 6.12 m/s^2
θ_x: -2.05 θ_y: -3.76 θ_z: 1.35 rad/s

a_x 0.54 a_y: 3.81 a_z: 4.80 m/s^2
θ_x: -2.25 θ_y: -4.73 θ_z: 1.20 rad/s

a_x 0.72 a_y: 3.70 a_z: 3.66 m/s^2
θ_x: -2.67 θ_y: -5.47 θ_z: 0.52 rad/s

a_x 3.05 a_y: 1.44 a_z: 2.63 m/s^2
θ_x: -2.65 θ_y: -6.52 θ_z: 2.12 rad/s

a_x 6.08 a_y: 0.93 a_z: 1.79 m/s^2
θ_x: -3.54 θ_y: -7.06 θ_z: 3.02 rad/s

a_x 6.30 a_y: -0.09 a_z: -1.61 m/s^2
θ_x: -4.68 θ_y: -7.22 θ_z: 1.34 rad/s

a_x 4.91 a_y: -0.79 a_z: -4.32 m/s^2
θ_x: -4.03 θ_y: -7.82 θ_z: 1.50 rad/s

a_x 5.52 a_y: -0.58 a_z: -6.62 m/s^2
θ_x: -3.08 θ_y: -7.92 θ_z: 2.77 rad/s

a_x 5.23 a_y: 1.31 a_z: -5.38 m/s^2
θ_x: -2.66 θ_y: -7.87 θ_z: 2.66 rad/s

a_x 8.73 a_y: 0.80 a_z: -4.64 m/s^2
θ_x: -3.88 θ_y: -8.22 θ_z: 2.22 rad/s

a_x 12.62 a_y: -2.95 a_z: -7.27 m/s^2
θ_x: -4.30 θ_y: -6.99 θ_z: 2.45 rad/s

a_x 8.87 a_y: -4.86 a_z: -9.64 m/s^2
θ_x: -3.88 θ_y: -5.37 θ_z: 3.42 rad/s

a_x 6.59 a_y: -7.48 a_z: -9.96 m/s^2
θ_x: -3.90 θ_y: -5.11 θ_z: 2.85 rad/s

a_x 6.44 a_y: -9.89 a_z: -10.07 m/s^2
θ_x: -2.93 θ_y: -5.48 θ_z: 1.88 rad/s

a_x 7.58 a_y: -9.49 a_z: -10.83 m/s^2
θ_x: -1.27 θ_y: -5.93 θ_z: 1.22 rad/s

a_x 13.12 a_y: -2.25 a_z: -12.28 m/s^2
θ_x: 0.30 θ_y: -4.53 θ_z: -4.36 rad/s

a_x 10.45 a_y: -1.19 a_z: -10.57 m/s^2
θ_x: 1.71 θ_y: -4.95 θ_z: 5.12 rad/s

a_x 9.18 a_y: 1.71 a_z: -9.92 m/s^2
θ_x: -1.06 θ_y: -3.88 θ_z: 1.13 rad/s

a_x 8.35 a_y: -1.98 a_z: -11.01 m/s^2
θ_x: -2.57 θ_y: -3.50 θ_z: 0.53 rad/s

a_x 7.24 a_y: -4.22 a_z: -10.08 m/s^2
θ_x: -2.95 θ_y: -3.28 θ_z: 0.68 rad/s

a_x 6.12 a_y: -5.09 a_z: -10.04 m/s^2
θ_x: -2.11 θ_y: -2.64 θ_z: 0.26 rad/s

a_x 5.19 a_y: -4.64 a_z: -9.96 m/s^2
θ_x: -1.07 θ_y: -1.79 θ_z: 1.32 rad/s

a_x 3.60 a_y: -5.31 a_z: -9.02 m/s^2
θ_x: -1.28 θ_y: -1.11 θ_z: 0.23 rad/s

a_x 2.45 a_y: -6.11 a_z: -9.37 m/s^2
θ_x: -1.14 θ_y: -1.90 θ_z: 0.18 rad/s

a_x 2.23 a_y: -6.99 a_z: -10.00 m/s^2
θ_x: -1.20 θ_y: -2.82 θ_z: 0.12 rad/s

a_x 3.01 a_y: -7.22 a_z: -11.17 m/s^2
θ_x: -0.76 θ_y: -3.60 θ_z: -1.23 rad/s

a_x 2.76 a_y: -6.08 a_z: -13.52 m/s^2
θ_x: 0.95 θ_y: -3.99 θ_z: -1.79 rad/s

a_x 2.38 a_y: -4.88 a_z: -13.28 m/s^2
θ_x: 1.33 θ_y: -3.90 θ_z: -2.97 rad/s

a_x 3.12 a_y: -5.48 a_z: -12.46 m/s^2
θ_x: 2.03 θ_y: -3.42 θ_z: -2.84 rad/s

a_x 1.67 a_y: -4.92 a_z: -11.14 m/s^2
θ_x: 3.08 θ_y: -2.89 θ_z: -2.54 rad/s

a_x 1.42 a_y: -8.29 a_z: -20.71 m/s^2
θ_x: 3.17 θ_y: -3.02 θ_z: -1.82 rad/s

a_x 0.41 a_y: -4.90 a_z: -11.31 m/s^2
θ_x: 2.58 θ_y: -3.30 θ_z: -1.98 rad/s

a_x -0.74 a_y: -5.48 a_z: -12.85 m/s^2
θ_x: 2.89 θ_y: -3.78 θ_z: -2.00 rad/s

a_x -0.98 a_y: -5.95 a_z: -14.94 m/s^2
θ_x: 3.20 θ_y: -3.95 θ_z: -2.06 rad/s

a_x -0.06 a_y: -4.69 a_z: -15.68 m/s^2
θ_x: 2.90 θ_y: -4.19 θ_z: -1.94 rad/s

a_x 3.08 a_y: -5.58 a_z: -16.30 m/s^2
θ_x: 3.33 θ_y: -2.82 θ_z: -2.98 rad/s

a_x 1.76 a_y: -4.51 a_z: -16.37 m/s^2
θ_x: 4.35 θ_y: -1.49 θ_z: -1.46 rad/s

a_x 2.09 a_y: -3.33 a_z: -15.14 m/s^2
θ_x: 4.04 θ_y: -0.85 θ_z: -0.96 rad/s

a_x 2.88 a_y: -3.69 a_z: -13.05 m/s^2
θ_x: 3.82 θ_y: -0.14 θ_z: -0.30 rad/s

a_x 1.89 a_y: -2.14 a_z: -11.15 m/s^2
θ_x: 3.97 θ_y: 0.35 θ_z: 0.26 rad/s

a_x 1.64 a_y: -1.43 a_z: -9.22 m/s^2
θ_x: 3.17 θ_y: -0.13 θ_z: 0.59 rad/s

a_x 1.63 a_y: -1.38 a_z: -8.71 m/s^2
θ_x: 1.78 θ_y: -0.23 θ_z: -0.15 rad/s

a_x 2.60 a_y: -1.77 a_z: -9.03 m/s^2
θ_x: 1.17 θ_y: -0.73 θ_z: 0.52 rad/s

a_x 1.94 a_y: -1.74 a_z: -9.55 m/s^2
θ_x: 0.21 θ_y: -0.51 θ_z: -0.46 rad/s

a_x 2.06 a_y: -2.52 a_z: -10.46 m/s^2
θ_x: -0.57 θ_y: -0.42 θ_z: -0.34 rad/s

a_x 1.83 a_y: -3.10 a_z: -11.10 m/s^2
θ_x: -1.08 θ_y: 0.09 θ_z: -0.38 rad/s

a_x 2.04 a_y: -3.49 a_z: -11.01 m/s^2
θ_x: -1.34 θ_y: 0.31 θ_z: 0.49 rad/s

a_x 2.18 a_y: -3.71 a_z: -10.52 m/s^2
θ_x: -1.86 θ_y: 0.71 θ_z: 0.51 rad/s

a_x 2.11 a_y: -3.80 a_z: -10.08 m/s^2
θ_x: -2.25 θ_y: 1.16 θ_z: 0.92 rad/s

a_x 2.23 a_y: -4.19 a_z: -10.15 m/s^2
θ_x: -2.29 θ_y: 1.81 θ_z: 1.00 rad/s

a_x 1.02 a_y: -4.70 a_z: -10.37 m/s^2
θ_x: -3.05 θ_y: 2.27 θ_z: 0.53 rad/s

a_x 0.70 a_y: -6.10 a_z: -11.14 m/s^2
θ_x: -3.27 θ_y: 2.38 θ_z: 0.64 rad/s

a_x 0.15 a_y: -6.91 a_z: -11.58 m/s^2
θ_x: -3.07 θ_y: 2.58 θ_z: 1.16 rad/s

a_x -0.63 a_y: -7.72 a_z: -12.38 m/s^2
θ_x: -2.85 θ_y: 2.75 θ_z: 0.49 rad/s

a_x -0.78 a_y: -8.07 a_z: -12.08 m/s^2
θ_x: -2.01 θ_y: 2.68 θ_z: 0.58 rad/s

a_x -0.56 a_y: -7.91 a_z: -11.13 m/s^2
θ_x: -1.54 θ_y: 2.68 θ_z: 0.17 rad/s

a_x -0.37 a_y: -7.27 a_z: -9.48 m/s^2
θ_x: -1.34 θ_y: 2.45 θ_z: 0.27 rad/s

a_x -0.38 a_y: -6.98 a_z: -8.00 m/s^2
θ_x: -0.96 θ_y: 2.26 θ_z: -0.07 rad/s

a_x 0.19 a_y: -5.21 a_z: -7.82 m/s^2
θ_x: 2.12 θ_y: 1.94 θ_z: 1.49 rad/s

a_x -2.55 a_y: -3.63 a_z: -8.12 m/s^2
θ_x: -0.42 θ_y: 1.86 θ_z: 0.76 rad/s

a_x -1.21 a_y: -7.67 a_z: -7.69 m/s^2
θ_x: -0.74 θ_y: 1.29 θ_z: 1.05 rad/s

a_x 0.01 a_y: -7.59 a_z: -8.04 m/s^2
θ_x: 0.52 θ_y: 0.59 θ_z: 2.00 rad/s

a_x 1.00 a_y: -6.73 a_z: -7.33 m/s^2
θ_x: 0.24 θ_y: 0.10 θ_z: -0.33 rad/s

a_x 2.44 a_y: -6.03 a_z: -6.89 m/s^2
θ_x: 0.37 θ_y: -0.38 θ_z: -1.06 rad/s

a_x 3.89 a_y: -5.48 a_z: -6.20 m/s^2
θ_x: 0.07 θ_y: -0.66 θ_z: -1.56 rad/s

a_x 4.30 a_y: -6.24 a_z: -6.91 m/s^2
θ_x: -0.10 θ_y: -0.27 θ_z: -1.27 rad/s

a_x 3.46 a_y: -7.42 a_z: -8.03 m/s^2
θ_x: -0.55 θ_y: 0.06 θ_z: -1.24 rad/s

a_x 1.41 a_y: -7.62 a_z: -10.00 m/s^2
θ_x: 0.62 θ_y: 0.53 θ_z: 0.04 rad/s

a_x -1.17 a_y: -6.69 a_z: -9.93 m/s^2
θ_x: 0.44 θ_y: -0.60 θ_z: -2.46 rad/s

a_x -0.41 a_y: -5.69 a_z: -10.47 m/s^2
θ_x: 1.14 θ_y: -1.43 θ_z: -0.71 rad/s

a_x 0.57 a_y: -4.32 a_z: -9.41 m/s^2
θ_x: 3.41 θ_y: -0.26 θ_z: 3.30 rad/s

a_x -4.94 a_y: -5.97 a_z: -11.54 m/s^2
θ_x: 3.03 θ_y: 1.35 θ_z: 3.60 rad/s

a_x 8.14 a_y: 2.63 a_z: -19.29 m/s^2
θ_x: 0.47 θ_y: -5.52 θ_z: -2.89 rad/s

a_x 6.65 a_y: 0.76 a_z: -15.05 m/s^2
θ_x: -1.45 θ_y: -4.23 θ_z: -4.17 rad/s

a_x 13.37 a_y: 3.93 a_z: -16.12 m/s^2
θ_x: -1.94 θ_y: -2.68 θ_z: -2.41 rad/s

a_x 15.62 a_y: 1.01 a_z: -15.01 m/s^2
θ_x: -4.15 θ_y: 1.80 θ_z: -2.23 rad/s

a_x 9.39 a_y: -0.66 a_z: -13.60 m/s^2
θ_x: -3.37 θ_y: 5.35 θ_z: 1.34 rad/s

a_x 2.46 a_y: -2.69 a_z: -14.47 m/s^2
θ_x: -3.01 θ_y: 6.77 θ_z: 2.72 rad/s

a_x -1.38 a_y: -5.48 a_z: -13.60 m/s^2
θ_x: -3.34 θ_y: 6.07 θ_z: 1.87 rad/s

a_x -2.35 a_y: -6.28 a_z: -10.94 m/s^2
θ_x: -2.25 θ_y: 4.94 θ_z: 1.99 rad/s

a_x -2.05 a_y: -6.06 a_z: -9.59 m/s^2
θ_x: -2.17 θ_y: 3.49 θ_z: 1.04 rad/s

a_x -0.01 a_y: -5.68 a_z: -12.03 m/s^2
θ_x: -2.90 θ_y: 1.71 θ_z: -1.63 rad/s

a_x 3.64 a_y: -4.83 a_z: -8.67 m/s^2
θ_x: -2.20 θ_y: 1.08 θ_z: -0.86 rad/s

a_x 6.10 a_y: -3.25 a_z: -7.06 m/s^2
θ_x: -1.76 θ_y: 1.46 θ_z: -0.61 rad/s

a_x 5.53 a_y: -1.95 a_z: -7.69 m/s^2
θ_x: -1.57 θ_y: 1.91 θ_z: -0.24 rad/s

a_x 4.34 a_y: -1.41 a_z: -8.52 m/s^2
θ_x: -1.68 θ_y: 1.98 θ_z: -0.15 rad/s

a_x 3.55 a_y: -1.08 a_z: -9.10 m/s^2
θ_x: -1.81 θ_y: 1.66 θ_z: -0.23 rad/s

a_x 3.95 a_y: -0.30 a_z: -7.57 m/s^2
θ_x: -1.74 θ_y: 1.04 θ_z: -0.07 rad/s

a_x 4.72 a_y: 0.23 a_z: -7.04 m/s^2
θ_x: -2.00 θ_y: 0.52 θ_z: -0.26 rad/s

a_x 12.32 a_y: -7.69 a_z: -12.07 m/s^2
θ_x: -3.58 θ_y: -0.96 θ_z: -2.48 rad/s

a_x 15.91 a_y: -3.47 a_z: -11.61 m/s^2
θ_x: 0.97 θ_y: 3.13 θ_z: 2.91 rad/s

a_x 4.12 a_y: 4.58 a_z: -7.29 m/s^2
θ_x: 0.98 θ_y: 4.38 θ_z: 2.18 rad/s

a_x 1.59 a_y: 4.86 a_z: -5.76 m/s^2
θ_x: -1.45 θ_y: 2.94 θ_z: 1.01 rad/s

a_x 6.29 a_y: -1.16 a_z: -8.44 m/s^2
θ_x: -3.67 θ_y: 1.63 θ_z: -0.99 rad/s

a_x 12.04 a_y: -9.45 a_z: -10.67 m/s^2
θ_x: -1.45 θ_y: 2.40 θ_z: 1.24 rad/s

a_x 9.07 a_y: -6.52 a_z: -9.29 m/s^2
θ_x: 0.32 θ_y: 3.04 θ_z: 0.82 rad/s

a_x 5.53 a_y: -1.03 a_z: -6.34 m/s^2
θ_x: 1.21 θ_y: 2.82 θ_z: 1.03 rad/s

a_x 4.89 a_y: 0.16 a_z: -4.77 m/s^2
θ_x: 0.87 θ_y: 1.33 θ_z: 1.13 rad/s

a_x 9.14 a_y: -3.52 a_z: -6.90 m/s^2
θ_x: 0.72 θ_y: 0.87 θ_z: 0.91 rad/s

a_x 10.28 a_y: -2.41 a_z: -7.36 m/s^2
θ_x: 1.02 θ_y: 1.72 θ_z: 0.29 rad/s

a_x 6.89 a_y: -1.36 a_z: -5.18 m/s^2
θ_x: 1.55 θ_y: 1.31 θ_z: 1.09 rad/s

a_x 7.99 a_y: -1.37 a_z: -5.44 m/s^2
θ_x: 1.13 θ_y: 0.99 θ_z: 0.14 rad/s

a_x 8.65 a_y: -3.15 a_z: -5.37 m/s^2
θ_x: 1.21 θ_y: 0.89 θ_z: 0.28 rad/s

a_x 6.88 a_y: -0.89 a_z: -4.23 m/s^2
θ_x: 1.52 θ_y: 0.83 θ_z: 0.66 rad/s

a_x 4.95 a_y: 2.56 a_z: -2.66 m/s^2
θ_x: 0.97 θ_y: -0.09 θ_z: 0.75 rad/s

a_x 6.70 a_y: 0.58 a_z: -5.10 m/s^2
θ_x: 0.12 θ_y: -1.37 θ_z: 0.93 rad/s

a_x 12.02 a_y: -4.62 a_z: -7.44 m/s^2
θ_x: -0.01 θ_y: -1.31 θ_z: 0.43 rad/s

a_x 14.37 a_y: -2.88 a_z: -7.57 m/s^2
θ_x: 0.75 θ_y: 0.27 θ_z: 0.94 rad/s

a_x 10.87 a_y: -1.77 a_z: -6.06 m/s^2
θ_x: 0.56 θ_y: 1.63 θ_z: 0.54 rad/s

a_x 6.55 a_y: -2.08 a_z: -4.46 m/s^2
θ_x: 0.44 θ_y: 1.61 θ_z: 0.54 rad/s

a_x 4.35 a_y: -1.44 a_z: -3.09 m/s^2
θ_x: 0.29 θ_y: 0.47 θ_z: 0.45 rad/s

a_x 6.86 a_y: -0.63 a_z: -3.81 m/s^2
θ_x: -0.10 θ_y: -0.65 θ_z: 0.25 rad/s

a_x 10.45 a_y: -2.92 a_z: -5.58 m/s^2
θ_x: -0.36 θ_y: -0.56 θ_z: -0.35 rad/s

a_x 11.58 a_y: -2.70 a_z: -5.99 m/s^2
θ_x: -0.18 θ_y: 0.24 θ_z: -0.26 rad/s

a_x 10.08 a_y: -2.46 a_z: -5.22 m/s^2
θ_x: -0.08 θ_y: 0.81 θ_z: -0.17 rad/s

a_x 8.12 a_y: -2.24 a_z: -4.51 m/s^2
θ_x: -0.01 θ_y: 0.78 θ_z: 0.00 rad/s

a_x 7.51 a_y: -2.15 a_z: -4.28 m/s^2
θ_x: -0.02 θ_y: 0.26 θ_z: 0.05 rad/s

a_x 9.03 a_y: -2.22 a_z: -4.85 m/s^2
θ_x: 0.01 θ_y: 0.02 θ_z: 0.09 rad/s

a_x 9.35 a_y: -2.06 a_z: -5.04 m/s^2
θ_x: -0.03 θ_y: 0.27 θ_z: 0.04 rad/s

a_x 8.87 a_y: -2.64 a_z: -4.77 m/s^2
θ_x: -0.04 θ_y: 0.23 θ_z: -0.03 rad/s

a_x 9.49 a_y: -2.67 a_z: -4.96 m/s^2
θ_x: 0.00 θ_y: 0.12 θ_z: 0.01 rad/s

a_x 9.52 a_y: -2.63 a_z: -5.01 m/s^2
θ_x: 0.07 θ_y: 0.28 θ_z: 0.07 rad/s

a_x 8.93 a_y: -2.57 a_z: -4.71 m/s^2
θ_x: 0.06 θ_y: 0.40 θ_z: -0.03 rad/s

a_x 8.64 a_y: -2.37 a_z: -4.55 m/s^2
θ_x: 0.03 θ_y: 0.29 θ_z: -0.13 rad/s

a_x 9.16 a_y: -1.71 a_z: -4.55 m/s^2
θ_x: 0.01 θ_y: 0.17 θ_z: -0.08 rad/s

a_x 9.43 a_y: -1.96 a_z: -4.63 m/s^2
θ_x: -0.11 θ_y: 0.16 θ_z: -0.06 rad/s

a_x 9.46 a_y: -2.45 a_z: -4.70 m/s^2
θ_x: -0.09 θ_y: 0.17 θ_z: 0.04 rad/s

a_x 9.10 a_y: -3.04 a_z: -4.64 m/s^2
θ_x: -0.07 θ_y: 0.21 θ_z: -0.03 rad/s

a_x 9.09 a_y: -2.94 a_z: -4.57 m/s^2
θ_x: -0.02 θ_y: 0.14 θ_z: -0.17 rad/s

a_x 9.28 a_y: -2.35 a_z: -4.56 m/s^2
θ_x: 0.00 θ_y: 0.15 θ_z: -0.25 rad/s

a_x 9.44 a_y: -1.60 a_z: -4.38 m/s^2
θ_x: -0.03 θ_y: 0.15 θ_z: -0.21 rad/s

a_x 9.53 a_y: -1.97 a_z: -4.47 m/s^2
θ_x: -0.10 θ_y: 0.19 θ_z: -0.12 rad/s

a_x 9.16 a_y: -2.49 a_z: -4.46 m/s^2
θ_x: -0.06 θ_y: 0.23 θ_z: 0.01 rad/s

a_x 8.76 a_y: -2.50 a_z: -4.20 m/s^2
θ_x: -0.04 θ_y: 0.10 θ_z: 0.02 rad/s

a_x 9.12 a_y: -2.49 a_z: -4.33 m/s^2
θ_x: -0.06 θ_y: -0.07 θ_z: -0.02 rad/s

a_x 9.73 a_y: -2.44 a_z: -4.63 m/s^2
θ_x: -0.03 θ_y: 0.00 θ_z: -0.00 rad/s

a_x 9.41 a_y: -2.32 a_z: -4.42 m/s^2
θ_x: 0.02 θ_y: 0.21 θ_z: 0.00 rad/s

a_x 9.25 a_y: -1.87 a_z: -4.21 m/s^2
θ_x: -0.04 θ_y: 0.17 θ_z: -0.02 rad/s

a_x 9.48 a_y: -2.42 a_z: -4.39 m/s^2
θ_x: -0.12 θ_y: 0.18 θ_z: -0.03 rad/s

a_x 9.48 a_y: -2.93 a_z: -4.39 m/s^2
θ_x: -0.07 θ_y: 0.17 θ_z: 0.01 rad/s

a_x 9.47 a_y: -2.90 a_z: -4.33 m/s^2
θ_x: -0.03 θ_y: 0.19 θ_z: -0.04 rad/s

a_x 9.18 a_y: -2.45 a_z: -4.13 m/s^2
θ_x: -0.02 θ_y: 0.19 θ_z: -0.07 rad/s

a_x 9.07 a_y: -2.33 a_z: -4.09 m/s^2
θ_x: -0.07 θ_y: 0.09 θ_z: -0.06 rad/s

a_x 9.40 a_y: -2.73 a_z: -4.31 m/s^2
θ_x: -0.08 θ_y: -0.02 θ_z: -0.01 rad/s

a_x 10.02 a_y: -2.87 a_z: -4.43 m/s^2
θ_x: -0.06 θ_y: 0.08 θ_z: -0.00 rad/s

a_x 9.77 a_y: -2.78 a_z: -4.34 m/s^2
θ_x: -0.06 θ_y: 0.29 θ_z: -0.05 rad/s

a_x 9.37 a_y: -2.81 a_z: -4.15 m/s^2
θ_x: -0.11 θ_y: 0.36 θ_z: -0.12 rad/s

a_x 9.01 a_y: -3.18 a_z: -4.07 m/s^2
θ_x: -0.08 θ_y: 0.37 θ_z: -0.06 rad/s

a_x 8.38 a_y: -3.24 a_z: -3.74 m/s^2
θ_x: 0.01 θ_y: 0.19 θ_z: -0.02 rad/s

a_x 9.00 a_y: -2.60 a_z: -3.93 m/s^2
θ_x: -0.01 θ_y: -0.13 θ_z: 0.00 rad/s

a_x 10.09 a_y: -2.99 a_z: -4.38 m/s^2
θ_x: -0.01 θ_y: -0.04 θ_z: 0.01 rad/s

a_x 9.74 a_y: -2.81 a_z: -4.28 m/s^2
θ_x: 0.02 θ_y: 0.24 θ_z: -0.03 rad/s

a_x 8.99 a_y: -3.14 a_z: -4.11 m/s^2
θ_x: 0.09 θ_y: 0.26 θ_z: 0.02 rad/s

a_x 8.79 a_y: -3.03 a_z: -4.07 m/s^2
θ_x: 0.13 θ_y: 0.13 θ_z: -0.02 rad/s

a_x 9.29 a_y: -3.01 a_z: -4.23 m/s^2
θ_x: 0.17 θ_y: -0.03 θ_z: -0.04 rad/s

a_x 9.92 a_y: -2.70 a_z: -4.36 m/s^2
θ_x: 0.21 θ_y: 0.02 θ_z: -0.02 rad/s

a_x 9.55 a_y: -1.94 a_z: -3.97 m/s^2
θ_x: 0.21 θ_y: 0.17 θ_z: -0.13 rad/s

a_x 9.17 a_y: -1.93 a_z: -3.90 m/s^2
θ_x: 0.08 θ_y: 0.16 θ_z: -0.11 rad/s

a_x 9.04 a_y: -2.69 a_z: -3.98 m/s^2
θ_x: 0.08 θ_y: 0.07 θ_z: -0.16 rad/s

a_x 9.76 a_y: -2.63 a_z: -4.31 m/s^2
θ_x: 0.13 θ_y: 0.01 θ_z: -0.13 rad/s

a_x 9.99 a_y: -3.15 a_z: -4.58 m/s^2
θ_x: 0.20 θ_y: 0.24 θ_z: -0.18 rad/s

a_x 9.20 a_y: -2.90 a_z: -4.15 m/s^2
θ_x: 0.29 θ_y: 0.37 θ_z: -0.25 rad/s

a_x 8.74 a_y: -2.19 a_z: -3.78 m/s^2
θ_x: 0.30 θ_y: 0.19 θ_z: -0.22 rad/s

a_x 9.17 a_y: -1.90 a_z: -3.98 m/s^2
θ_x: 0.23 θ_y: 0.00 θ_z: -0.22 rad/s

a_x 9.68 a_y: -2.03 a_z: -4.13 m/s^2
θ_x: 0.18 θ_y: 0.02 θ_z: -0.23 rad/s

a_x 9.47 a_y: -2.29 a_z: -4.10 m/s^2
θ_x: 0.18 θ_y: 0.16 θ_z: -0.25 rad/s

a_x 8.88 a_y: -2.18 a_z: -3.89 m/s^2
θ_x: 0.24 θ_y: 0.14 θ_z: -0.13 rad/s

a_x 8.93 a_y: -2.23 a_z: -3.85 m/s^2
θ_x: 0.23 θ_y: -0.02 θ_z: -0.15 rad/s

a_x 9.61 a_y: -2.37 a_z: -4.08 m/s^2
θ_x: 0.27 θ_y: -0.06 θ_z: -0.19 rad/s

a_x 9.73 a_y: -1.89 a_z: -3.89 m/s^2
θ_x: 0.32 θ_y: 0.08 θ_z: -0.17 rad/s

a_x 9.44 a_y: -1.63 a_z: -3.73 m/s^2
θ_x: 0.30 θ_y: 0.06 θ_z: -0.16 rad/s

a_x 9.73 a_y: -1.71 a_z: -3.81 m/s^2
θ_x: 0.31 θ_y: -0.01 θ_z: -0.09 rad/s

a_x 9.92 a_y: -1.94 a_z: -3.95 m/s^2
θ_x: 0.31 θ_y: 0.04 θ_z: -0.15 rad/s

a_x 9.74 a_y: -1.70 a_z: -3.96 m/s^2
θ_x: 0.36 θ_y: 0.11 θ_z: -0.18 rad/s

a_x 9.61 a_y: -1.41 a_z: -3.85 m/s^2
θ_x: 0.35 θ_y: 0.12 θ_z: -0.19 rad/s

a_x 9.78 a_y: -1.49 a_z: -3.82 m/s^2
θ_x: 0.34 θ_y: 0.12 θ_z: -0.20 rad/s

a_x 9.75 a_y: -1.19 a_z: -3.76 m/s^2
θ_x: 0.33 θ_y: 0.13 θ_z: -0.19 rad/s

a_x 9.62 a_y: -1.26 a_z: -3.71 m/s^2
θ_x: 0.29 θ_y: 0.09 θ_z: -0.17 rad/s

a_x 9.80 a_y: -1.37 a_z: -3.78 m/s^2
θ_x: 0.28 θ_y: 0.02 θ_z: -0.16 rad/s

a_x 9.84 a_y: -1.57 a_z: -3.81 m/s^2
θ_x: 0.27 θ_y: 0.07 θ_z: -0.18 rad/s

a_x 9.71 a_y: -1.64 a_z: -3.74 m/s^2
θ_x: 0.30 θ_y: 0.08 θ_z: -0.23 rad/s

a_x 9.81 a_y: -1.07 a_z: -3.76 m/s^2
θ_x: 0.30 θ_y: 0.03 θ_z: -0.18 rad/s

a_x 9.99 a_y: -1.22 a_z: -3.86 m/s^2
θ_x: 0.28 θ_y: 0.05 θ_z: -0.21 rad/s

a_x 9.98 a_y: -0.98 a_z: -3.80 m/s^2
θ_x: 0.25 θ_y: 0.11 θ_z: -0.21 rad/s

a_x 9.76 a_y: -1.32 a_z: -3.83 m/s^2
θ_x: 0.21 θ_y: 0.14 θ_z: -0.29 rad/s

a_x 9.32 a_y: -1.31 a_z: -3.71 m/s^2
θ_x: 0.25 θ_y: 0.12 θ_z: -0.21 rad/s

a_x 9.49 a_y: -0.99 a_z: -3.66 m/s^2
θ_x: 0.24 θ_y: -0.04 θ_z: -0.17 rad/s

a_x 10.13 a_y: -1.29 a_z: -3.98 m/s^2
θ_x: 0.25 θ_y: -0.02 θ_z: -0.22 rad/s

a_x 10.29 a_y: -0.90 a_z: -3.98 m/s^2
θ_x: 0.29 θ_y: 0.16 θ_z: -0.25 rad/s

a_x 9.74 a_y: -0.60 a_z: -3.75 m/s^2
θ_x: 0.27 θ_y: 0.28 θ_z: -0.24 rad/s

a_x 9.24 a_y: -0.62 a_z: -3.60 m/s^2
θ_x: 0.22 θ_y: 0.18 θ_z: -0.21 rad/s

a_x 9.35 a_y: -0.65 a_z: -3.63 m/s^2
θ_x: 0.25 θ_y: 0.03 θ_z: -0.10 rad/s

a_x 9.77 a_y: -0.34 a_z: -3.80 m/s^2
θ_x: 0.21 θ_y: -0.08 θ_z: -0.05 rad/s

a_x 10.08 a_y: -0.11 a_z: -3.85 m/s^2
θ_x: 0.17 θ_y: -0.07 θ_z: -0.05 rad/s

a_x 10.03 a_y: -0.26 a_z: -3.95 m/s^2
θ_x: 0.10 θ_y: 0.04 θ_z: -0.05 rad/s

a_x 9.82 a_y: -0.33 a_z: -3.85 m/s^2
θ_x: 0.11 θ_y: 0.07 θ_z: -0.01 rad/s

a_x 9.78 a_y: -0.37 a_z: -3.80 m/s^2
θ_x: 0.07 θ_y: 0.06 θ_z: -0.00 rad/s

a_x 9.83 a_y: -0.34 a_z: -3.83 m/s^2
θ_x: 0.07 θ_y: 0.04 θ_z: 0.04 rad/s

a_x 10.17 a_y: -0.16 a_z: -3.84 m/s^2
θ_x: 0.04 θ_y: 0.01 θ_z: 0.08 rad/s

a_x 10.24 a_y: -0.46 a_z: -3.90 m/s^2
θ_x: 0.01 θ_y: 0.07 θ_z: 0.07 rad/s

a_x 10.11 a_y: -0.29 a_z: -3.80 m/s^2
θ_x: -0.02 θ_y: 0.12 θ_z: 0.05 rad/s

a_x 9.91 a_y: -0.23 a_z: -3.65 m/s^2
θ_x: -0.07 θ_y: 0.14 θ_z: 0.04 rad/s

a_x 9.66 a_y: -0.38 a_z: -3.59 m/s^2
θ_x: -0.11 θ_y: 0.14 θ_z: 0.06 rad/s

a_x 9.78 a_y: -0.40 a_z: -3.62 m/s^2
θ_x: -0.14 θ_y: 0.07 θ_z: 0.12 rad/s

a_x 9.81 a_y: -0.77 a_z: -3.69 m/s^2
θ_x: -0.15 θ_y: 0.12 θ_z: 0.13 rad/s

a_x 9.67 a_y: -0.73 a_z: -3.56 m/s^2
θ_x: -0.16 θ_y: 0.10 θ_z: 0.16 rad/s

a_x 9.72 a_y: -0.72 a_z: -3.64 m/s^2
θ_x: -0.16 θ_y: 0.09 θ_z: 0.21 rad/s

a_x 9.66 a_y: -0.74 a_z: -3.61 m/s^2
θ_x: -0.20 θ_y: 0.10 θ_z: 0.18 rad/s

a_x 9.75 a_y: -0.80 a_z: -3.68 m/s^2
θ_x: -0.23 θ_y: 0.08 θ_z: 0.17 rad/s

a_x 9.82 a_y: -0.80 a_z: -3.67 m/s^2
θ_x: -0.24 θ_y: 0.08 θ_z: 0.19 rad/s

a_x 9.80 a_y: -1.06 a_z: -3.68 m/s^2
θ_x: -0.26 θ_y: 0.12 θ_z: 0.16 rad/s

a_x 9.79 a_y: -0.97 a_z: -3.60 m/s^2
θ_x: -0.24 θ_y: 0.09 θ_z: 0.18 rad/s

a_x 9.86 a_y: -0.91 a_z: -3.63 m/s^2
θ_x: -0.24 θ_y: 0.08 θ_z: 0.22 rad/s

a_x 9.85 a_y: -1.01 a_z: -3.60 m/s^2
θ_x: -0.24 θ_y: 0.08 θ_z: 0.24 rad/s

a_x 9.87 a_y: -1.11 a_z: -3.59 m/s^2
θ_x: -0.22 θ_y: 0.06 θ_z: 0.29 rad/s

a_x 9.90 a_y: -1.06 a_z: -3.58 m/s^2
θ_x: -0.23 θ_y: 0.05 θ_z: 0.28 rad/s

a_x 9.92 a_y: -0.97 a_z: -3.57 m/s^2
θ_x: -0.26 θ_y: 0.06 θ_z: 0.27 rad/s

a_x 9.85 a_y: -1.34 a_z: -3.61 m/s^2
θ_x: -0.27 θ_y: 0.10 θ_z: 0.23 rad/s

a_x 9.86 a_y: -1.11 a_z: -3.48 m/s^2
θ_x: -0.25 θ_y: 0.05 θ_z: 0.26 rad/s

a_x 10.07 a_y: -1.15 a_z: -3.51 m/s^2
θ_x: -0.26 θ_y: 0.04 θ_z: 0.27 rad/s

a_x 10.09 a_y: -1.36 a_z: -3.55 m/s^2
θ_x: -0.28 θ_y: 0.12 θ_z: 0.21 rad/s

a_x 9.97 a_y: -1.18 a_z: -3.40 m/s^2
θ_x: -0.28 θ_y: 0.15 θ_z: 0.18 rad/s

a_x 10.05 a_y: -1.13 a_z: -3.38 m/s^2
θ_x: -0.31 θ_y: 0.16 θ_z: 0.15 rad/s

a_x 9.98 a_y: -1.26 a_z: -3.40 m/s^2
θ_x: -0.33 θ_y: 0.20 θ_z: 0.15 rad/s

a_x 9.76 a_y: -1.31 a_z: -3.34 m/s^2
θ_x: -0.33 θ_y: 0.19 θ_z: 0.14 rad/s

a_x 9.83 a_y: -1.53 a_z: -3.38 m/s^2
θ_x: -0.34 θ_y: 0.15 θ_z: 0.13 rad/s

a_x 10.04 a_y: -1.34 a_z: -3.41 m/s^2
θ_x: -0.32 θ_y: 0.14 θ_z: 0.17 rad/s

a_x 10.10 a_y: -1.45 a_z: -3.45 m/s^2
θ_x: -0.35 θ_y: 0.17 θ_z: 0.16 rad/s

a_x 10.04 a_y: -1.40 a_z: -3.38 m/s^2
θ_x: -0.37 θ_y: 0.23 θ_z: 0.13 rad/s

a_x 9.80 a_y: -1.52 a_z: -3.29 m/s^2
θ_x: -0.39 θ_y: 0.25 θ_z: 0.12 rad/s

a_x 9.63 a_y: -1.38 a_z: -3.23 m/s^2
θ_x: -0.42 θ_y: 0.22 θ_z: 0.11 rad/s

a_x 9.71 a_y: -1.52 a_z: -3.20 m/s^2
θ_x: -0.45 θ_y: 0.17 θ_z: 0.11 rad/s

a_x 9.91 a_y: -1.75 a_z: -3.34 m/s^2
θ_x: -0.47 θ_y: 0.21 θ_z: 0.08 rad/s

a_x 9.66 a_y: -1.69 a_z: -3.28 m/s^2
θ_x: -0.47 θ_y: 0.30 θ_z: 0.09 rad/s

a_x 9.18 a_y: -1.80 a_z: -3.15 m/s^2
θ_x: -0.48 θ_y: 0.24 θ_z: 0.09 rad/s

a_x 9.54 a_y: -1.74 a_z: -3.22 m/s^2
θ_x: -0.49 θ_y: 0.10 θ_z: 0.11 rad/s

a_x 9.90 a_y: -1.74 a_z: -3.37 m/s^2
θ_x: -0.49 θ_y: 0.16 θ_z: 0.11 rad/s

a_x 9.46 a_y: -1.84 a_z: -3.28 m/s^2
θ_x: -0.52 θ_y: 0.28 θ_z: 0.07 rad/s

a_x 8.99 a_y: -1.82 a_z: -3.00 m/s^2
θ_x: -0.51 θ_y: 0.17 θ_z: 0.10 rad/s

a_x 9.56 a_y: -1.87 a_z: -3.24 m/s^2
θ_x: -0.58 θ_y: 0.03 θ_z: 0.12 rad/s

a_x 10.02 a_y: -2.38 a_z: -3.56 m/s^2
θ_x: -0.57 θ_y: 0.12 θ_z: 0.12 rad/s

a_x 9.53 a_y: -2.43 a_z: -3.50 m/s^2
θ_x: -0.54 θ_y: 0.24 θ_z: 0.12 rad/s

a_x 9.11 a_y: -2.31 a_z: -3.29 m/s^2
θ_x: -0.51 θ_y: 0.13 θ_z: 0.11 rad/s

a_x 9.73 a_y: -2.07 a_z: -3.49 m/s^2
θ_x: -0.55 θ_y: 0.06 θ_z: 0.10 rad/s

a_x 9.86 a_y: -2.12 a_z: -3.44 m/s^2
θ_x: -0.54 θ_y: 0.19 θ_z: 0.11 rad/s

a_x 9.35 a_y: -2.17 a_z: -3.12 m/s^2
θ_x: -0.56 θ_y: 0.22 θ_z: 0.12 rad/s

a_x 9.30 a_y: -2.47 a_z: -3.12 m/s^2
θ_x: -0.57 θ_y: 0.08 θ_z: 0.11 rad/s

a_x 9.81 a_y: -2.44 a_z: -3.28 m/s^2
θ_x: -0.55 θ_y: -0.00 θ_z: 0.13 rad/s

a_x 10.25 a_y: -2.20 a_z: -3.38 m/s^2
θ_x: -0.57 θ_y: 0.06 θ_z: 0.15 rad/s

a_x 9.96 a_y: -2.59 a_z: -3.36 m/s^2
θ_x: -0.59 θ_y: 0.19 θ_z: 0.12 rad/s

a_x 9.49 a_y: -2.74 a_z: -3.13 m/s^2
θ_x: -0.57 θ_y: 0.18 θ_z: 0.11 rad/s

a_x 9.64 a_y: -2.81 a_z: -3.14 m/s^2
θ_x: -0.56 θ_y: 0.07 θ_z: 0.12 rad/s

a_x 9.94 a_y: -3.28 a_z: -3.37 m/s^2
θ_x: -0.52 θ_y: 0.11 θ_z: 0.07 rad/s

a_x 9.75 a_y: -3.20 a_z: -3.27 m/s^2
θ_x: -0.46 θ_y: 0.19 θ_z: 0.05 rad/s

a_x 9.43 a_y: -3.28 a_z: -3.22 m/s^2
θ_x: -0.43 θ_y: 0.14 θ_z: 0.03 rad/s

a_x 9.69 a_y: -3.18 a_z: -3.22 m/s^2
θ_x: -0.39 θ_y: 0.05 θ_z: 0.03 rad/s

a_x 10.08 a_y: -3.27 a_z: -3.28 m/s^2
θ_x: -0.37 θ_y: 0.09 θ_z: 0.03 rad/s

a_x 9.73 a_y: -3.43 a_z: -3.20 m/s^2
θ_x: -0.30 θ_y: 0.20 θ_z: 0.04 rad/s

a_x 9.24 a_y: -3.42 a_z: -3.01 m/s^2
θ_x: -0.25 θ_y: 0.12 θ_z: 0.01 rad/s

a_x 9.61 a_y: -3.57 a_z: -3.19 m/s^2
θ_x: -0.21 θ_y: 0.03 θ_z: -0.04 rad/s

a_x 9.77 a_y: -3.20 a_z: -3.26 m/s^2
θ_x: -0.13 θ_y: 0.09 θ_z: -0.02 rad/s

a_x 9.37 a_y: -3.05 a_z: -3.08 m/s^2
θ_x: -0.10 θ_y: 0.11 θ_z: -0.02 rad/s

a_x 9.44 a_y: -3.00 a_z: -3.08 m/s^2
θ_x: -0.08 θ_y: -0.00 θ_z: -0.02 rad/s

a_x 9.84 a_y: -2.94 a_z: -3.14 m/s^2
θ_x: -0.03 θ_y: 0.02 θ_z: 0.01 rad/s

a_x 9.52 a_y: -2.93 a_z: -3.09 m/s^2
θ_x: 0.01 θ_y: 0.10 θ_z: 0.02 rad/s

a_x 9.13 a_y: -2.85 a_z: -2.95 m/s^2
θ_x: 0.05 θ_y: -0.01 θ_z: 0.02 rad/s

a_x 9.58 a_y: -2.81 a_z: -3.19 m/s^2
θ_x: 0.07 θ_y: -0.08 θ_z: -0.01 rad/s

a_x 9.83 a_y: -2.29 a_z: -3.14 m/s^2
θ_x: 0.11 θ_y: -0.01 θ_z: 0.01 rad/s

a_x 9.64 a_y: -2.17 a_z: -3.01 m/s^2
θ_x: 0.08 θ_y: 0.04 θ_z: -0.02 rad/s

a_x 9.55 a_y: -2.21 a_z: -3.00 m/s^2
θ_x: 0.07 θ_y: 0.00 θ_z: -0.02 rad/s

a_x 9.50 a_y: -2.13 a_z: -3.01 m/s^2
θ_x: 0.10 θ_y: -0.01 θ_z: 0.00 rad/s

a_x 9.48 a_y: -2.01 a_z: -2.95 m/s^2
θ_x: 0.08 θ_y: -0.05 θ_z: 0.01 rad/s

a_x 9.68 a_y: -1.90 a_z: -3.05 m/s^2
θ_x: 0.10 θ_y: -0.09 θ_z: 0.06 rad/s

a_x 9.95 a_y: -1.93 a_z: -3.18 m/s^2
θ_x: 0.07 θ_y: -0.07 θ_z: 0.04 rad/s

a_x 9.90 a_y: -1.96 a_z: -3.18 m/s^2
θ_x: 0.08 θ_y: -0.03 θ_z: 0.01 rad/s

a_x 9.96 a_y: -1.81 a_z: -3.24 m/s^2
θ_x: 0.05 θ_y: -0.04 θ_z: -0.02 rad/s

a_x 10.01 a_y: -1.79 a_z: -3.34 m/s^2
θ_x: 0.07 θ_y: -0.03 θ_z: -0.00 rad/s

a_x 10.00 a_y: -1.58 a_z: -3.32 m/s^2
θ_x: 0.06 θ_y: -0.01 θ_z: 0.01 rad/s

a_x 9.98 a_y: -1.61 a_z: -3.30 m/s^2
θ_x: 0.03 θ_y: -0.02 θ_z: 0.03 rad/s

a_x 10.00 a_y: -1.93 a_z: -3.39 m/s^2
θ_x: 0.03 θ_y: -0.03 θ_z: 0.03 rad/s

a_x 10.00 a_y: -2.12 a_z: -3.46 m/s^2
θ_x: 0.04 θ_y: 0.03 θ_z: -0.05 rad/s

a_x 9.78 a_y: -1.76 a_z: -3.31 m/s^2
θ_x: 0.08 θ_y: 0.02 θ_z: -0.08 rad/s

a_x 9.97 a_y: -1.75 a_z: -3.37 m/s^2
θ_x: 0.06 θ_y: -0.02 θ_z: -0.11 rad/s

a_x 10.07 a_y: -1.57 a_z: -3.42 m/s^2
θ_x: 0.08 θ_y: 0.02 θ_z: -0.08 rad/s

a_x 9.86 a_y: -1.55 a_z: -3.30 m/s^2
θ_x: 0.08 θ_y: 0.04 θ_z: -0.06 rad/s

a_x 9.69 a_y: -1.50 a_z: -3.20 m/s^2
θ_x: 0.07 θ_y: -0.02 θ_z: -0.07 rad/s

a_x 10.15 a_y: -1.43 a_z: -3.37 m/s^2
θ_x: 0.05 θ_y: -0.11 θ_z: -0.05 rad/s

a_x 10.62 a_y: -1.37 a_z: -3.56 m/s^2
θ_x: 0.01 θ_y: -0.05 θ_z: -0.07 rad/s

a_x 10.64 a_y: -1.71 a_z: -3.61 m/s^2
θ_x: 0.00 θ_y: -0.00 θ_z: -0.06 rad/s

a_x 10.74 a_y: -2.05 a_z: -3.73 m/s^2
θ_x: 0.01 θ_y: -0.00 θ_z: -0.05 rad/s

a_x 10.89 a_y: -1.93 a_z: -3.70 m/s^2
θ_x: 0.07 θ_y: 0.00 θ_z: -0.01 rad/s

a_x 11.05 a_y: -2.02 a_z: -3.74 m/s^2
θ_x: 0.06 θ_y: 0.09 θ_z: -0.05 rad/s

a_x 10.88 a_y: -1.93 a_z: -3.54 m/s^2
θ_x: 0.08 θ_y: 0.20 θ_z: -0.11 rad/s

a_x 10.84 a_y: -1.77 a_z: -3.42 m/s^2
θ_x: 0.09 θ_y: 0.21 θ_z: -0.14 rad/s

a_x 10.97 a_y: -1.61 a_z: -3.39 m/s^2
θ_x: 0.08 θ_y: 0.25 θ_z: -0.11 rad/s

a_x 10.81 a_y: -1.66 a_z: -3.28 m/s^2
θ_x: 0.10 θ_y: 0.25 θ_z: -0.07 rad/s

a_x 10.97 a_y: -1.65 a_z: -3.26 m/s^2
θ_x: 0.08 θ_y: 0.17 θ_z: -0.04 rad/s

a_x 11.61 a_y: -1.85 a_z: -3.46 m/s^2
θ_x: 0.09 θ_y: 0.18 θ_z: -0.03 rad/s

a_x 11.73 a_y: -1.76 a_z: -3.43 m/s^2
θ_x: 0.12 θ_y: 0.35 θ_z: -0.04 rad/s

a_x 11.13 a_y: -1.74 a_z: -3.13 m/s^2
θ_x: 0.11 θ_y: 0.43 θ_z: -0.06 rad/s

a_x 10.93 a_y: -1.74 a_z: -2.99 m/s^2
θ_x: 0.10 θ_y: 0.31 θ_z: -0.08 rad/s

a_x 11.57 a_y: -1.97 a_z: -3.25 m/s^2
θ_x: 0.10 θ_y: 0.30 θ_z: -0.08 rad/s

a_x 11.43 a_y: -1.70 a_z: -3.16 m/s^2
θ_x: 0.15 θ_y: 0.51 θ_z: -0.07 rad/s

a_x 10.64 a_y: -1.88 a_z: -2.82 m/s^2
θ_x: 0.13 θ_y: 0.55 θ_z: -0.13 rad/s

a_x 10.72 a_y: -2.09 a_z: -2.81 m/s^2
θ_x: 0.15 θ_y: 0.47 θ_z: -0.14 rad/s

a_x 11.05 a_y: -1.87 a_z: -2.86 m/s^2
θ_x: 0.18 θ_y: 0.50 θ_z: -0.12 rad/s

a_x 10.94 a_y: -1.93 a_z: -2.82 m/s^2
θ_x: 0.20 θ_y: 0.60 θ_z: -0.11 rad/s

a_x 10.94 a_y: -1.98 a_z: -2.81 m/s^2
θ_x: 0.22 θ_y: 0.67 θ_z: -0.14 rad/s

a_x 10.63 a_y: -1.78 a_z: -2.57 m/s^2
θ_x: 0.26 θ_y: 0.79 θ_z: -0.17 rad/s

a_x 10.24 a_y: -1.42 a_z: -2.31 m/s^2
θ_x: 0.27 θ_y: 0.78 θ_z: -0.13 rad/s

a_x 10.07 a_y: -1.30 a_z: -2.17 m/s^2
θ_x: 0.25 θ_y: 0.73 θ_z: -0.11 rad/s

a_x 10.02 a_y: -1.42 a_z: -2.17 m/s^2
θ_x: 0.23 θ_y: 0.74 θ_z: -0.10 rad/s

a_x 9.24 a_y: -1.43 a_z: -1.82 m/s^2
θ_x: 0.22 θ_y: 0.79 θ_z: -0.18 rad/s

a_x 9.01 a_y: -1.05 a_z: -1.50 m/s^2
θ_x: 0.18 θ_y: 0.56 θ_z: -0.21 rad/s

a_x 9.96 a_y: -1.15 a_z: -1.80 m/s^2
θ_x: 0.15 θ_y: 0.46 θ_z: -0.21 rad/s

a_x 10.05 a_y: -1.20 a_z: -1.84 m/s^2
θ_x: 0.17 θ_y: 0.63 θ_z: -0.14 rad/s

a_x 9.18 a_y: -1.26 a_z: -1.43 m/s^2
θ_x: 0.19 θ_y: 0.61 θ_z: -0.08 rad/s

a_x 9.37 a_y: -1.23 a_z: -1.44 m/s^2
θ_x: 0.19 θ_y: 0.37 θ_z: -0.05 rad/s

a_x 10.24 a_y: -0.87 a_z: -1.70 m/s^2
θ_x: 0.19 θ_y: 0.33 θ_z: 0.00 rad/s

a_x 10.21 a_y: -1.00 a_z: -1.68 m/s^2
θ_x: 0.16 θ_y: 0.58 θ_z: -0.05 rad/s

a_x 9.49 a_y: -1.09 a_z: -1.29 m/s^2
θ_x: 0.15 θ_y: 0.64 θ_z: -0.07 rad/s

a_x 9.29 a_y: -0.93 a_z: -1.13 m/s^2
θ_x: 0.14 θ_y: 0.55 θ_z: -0.08 rad/s

a_x 9.68 a_y: -1.36 a_z: -1.30 m/s^2
θ_x: 0.11 θ_y: 0.54 θ_z: -0.13 rad/s

a_x 9.50 a_y: -1.13 a_z: -1.16 m/s^2
θ_x: 0.16 θ_y: 0.62 θ_z: -0.14 rad/s

a_x 9.25 a_y: -1.11 a_z: -0.94 m/s^2
θ_x: 0.16 θ_y: 0.57 θ_z: -0.13 rad/s

a_x 9.38 a_y: -0.64 a_z: -0.85 m/s^2
θ_x: 0.14 θ_y: 0.52 θ_z: -0.12 rad/s

a_x 9.28 a_y: -0.68 a_z: -0.64 m/s^2
θ_x: 0.08 θ_y: 0.57 θ_z: -0.16 rad/s

a_x 9.03 a_y: -0.67 a_z: -0.42 m/s^2
θ_x: 0.05 θ_y: 0.49 θ_z: -0.17 rad/s

a_x 9.31 a_y: -0.57 a_z: -0.45 m/s^2
θ_x: -0.00 θ_y: 0.40 θ_z: -0.16 rad/s

a_x 9.58 a_y: -0.82 a_z: -0.60 m/s^2
θ_x: -0.02 θ_y: 0.46 θ_z: -0.14 rad/s

a_x 9.21 a_y: -0.82 a_z: -0.44 m/s^2
θ_x: -0.01 θ_y: 0.56 θ_z: -0.14 rad/s

a_x 8.86 a_y: -0.81 a_z: -0.20 m/s^2
θ_x: -0.01 θ_y: 0.53 θ_z: -0.14 rad/s

a_x 8.59 a_y: -0.53 a_z: 0.06 m/s^2
θ_x: -0.03 θ_y: 0.46 θ_z: -0.14 rad/s

a_x 8.50 a_y: -0.46 a_z: 0.17 m/s^2
θ_x: -0.06 θ_y: 0.35 θ_z: -0.11 rad/s

a_x 8.76 a_y: -0.85 a_z: 0.07 m/s^2
θ_x: -0.07 θ_y: 0.22 θ_z: -0.06 rad/s

a_x 8.91 a_y: -0.82 a_z: 0.10 m/s^2
θ_x: -0.03 θ_y: 0.20 θ_z: -0.04 rad/s

a_x 8.77 a_y: -0.83 a_z: 0.16 m/s^2
θ_x: -0.05 θ_y: 0.19 θ_z: -0.08 rad/s

a_x 8.62 a_y: -1.22 a_z: 0.16 m/s^2
θ_x: -0.05 θ_y: 0.17 θ_z: -0.17 rad/s

a_x 8.49 a_y: -0.70 a_z: 0.34 m/s^2
θ_x: -0.03 θ_y: 0.08 θ_z: -0.16 rad/s

a_x 8.69 a_y: -0.51 a_z: 0.27 m/s^2
θ_x: -0.04 θ_y: -0.03 θ_z: -0.09 rad/s

a_x 9.05 a_y: -0.73 a_z: 0.08 m/s^2
θ_x: -0.06 θ_y: -0.09 θ_z: -0.07 rad/s

a_x 9.35 a_y: -0.74 a_z: -0.06 m/s^2
θ_x: -0.05 θ_y: -0.07 θ_z: -0.05 rad/s

a_x 9.10 a_y: -0.82 a_z: 0.04 m/s^2
θ_x: -0.05 θ_y: 0.07 θ_z: -0.05 rad/s

a_x 8.52 a_y: -0.72 a_z: 0.26 m/s^2
θ_x: -0.05 θ_y: 0.03 θ_z: -0.06 rad/s

a_x 8.53 a_y: -0.52 a_z: 0.28 m/s^2
θ_x: -0.04 θ_y: -0.12 θ_z: -0.04 rad/s

a_x 8.94 a_y: -0.40 a_z: 0.13 m/s^2
θ_x: -0.06 θ_y: -0.21 θ_z: -0.04 rad/s

a_x 9.17 a_y: -0.08 a_z: 0.03 m/s^2
θ_x: -0.10 θ_y: -0.16 θ_z: -0.05 rad/s

a_x 8.82 a_y: -0.23 a_z: 0.15 m/s^2
θ_x: -0.13 θ_y: -0.14 θ_z: -0.02 rad/s

a_x 8.53 a_y: -0.59 a_z: 0.10 m/s^2
θ_x: -0.14 θ_y: -0.21 θ_z: 0.03 rad/s

a_x 8.64 a_y: -0.54 a_z: -0.03 m/s^2
θ_x: -0.13 θ_y: -0.36 θ_z: 0.07 rad/s

a_x 8.95 a_y: -0.46 a_z: -0.27 m/s^2
θ_x: -0.13 θ_y: -0.37 θ_z: 0.08 rad/s

a_x 8.86 a_y: -0.08 a_z: -0.16 m/s^2
θ_x: -0.16 θ_y: -0.39 θ_z: 0.08 rad/s

a_x 8.99 a_y: -0.55 a_z: -0.33 m/s^2
θ_x: -0.21 θ_y: -0.41 θ_z: 0.07 rad/s

a_x 8.73 a_y: -0.80 a_z: -0.44 m/s^2
θ_x: -0.19 θ_y: -0.37 θ_z: 0.11 rad/s

a_x 8.32 a_y: -0.94 a_z: -0.38 m/s^2
θ_x: -0.17 θ_y: -0.53 θ_z: 0.18 rad/s

a_x 9.03 a_y: -1.28 a_z: -0.75 m/s^2
θ_x: -0.14 θ_y: -0.71 θ_z: 0.19 rad/s

a_x 9.67 a_y: -0.56 a_z: -0.94 m/s^2
θ_x: -0.13 θ_y: -0.58 θ_z: 0.17 rad/s

a_x 9.12 a_y: -0.74 a_z: -0.91 m/s^2
θ_x: -0.18 θ_y: -0.45 θ_z: 0.08 rad/s

a_x 8.87 a_y: -0.72 a_z: -1.00 m/s^2
θ_x: -0.21 θ_y: -0.50 θ_z: 0.03 rad/s

a_x 8.83 a_y: -0.77 a_z: -1.07 m/s^2
θ_x: -0.25 θ_y: -0.52 θ_z: 0.04 rad/s

a_x 8.70 a_y: -1.37 a_z: -1.19 m/s^2
θ_x: -0.21 θ_y: -0.63 θ_z: 0.04 rad/s

a_x 9.10 a_y: -1.47 a_z: -1.46 m/s^2
θ_x: -0.16 θ_y: -0.71 θ_z: 0.07 rad/s

a_x 9.31 a_y: -1.18 a_z: -1.56 m/s^2
θ_x: -0.10 θ_y: -0.75 θ_z: 0.16 rad/s

a_x 9.16 a_y: -0.80 a_z: -1.43 m/s^2
θ_x: -0.09 θ_y: -0.83 θ_z: 0.18 rad/s

a_x 9.75 a_y: -0.45 a_z: -1.84 m/s^2
θ_x: -0.20 θ_y: -0.95 θ_z: 0.11 rad/s

a_x 10.41 a_y: -1.09 a_z: -2.35 m/s^2
θ_x: -0.26 θ_y: -0.87 θ_z: 0.03 rad/s

a_x 10.49 a_y: -1.79 a_z: -2.73 m/s^2
θ_x: -0.22 θ_y: -0.71 θ_z: 0.01 rad/s

a_x 9.74 a_y: -2.05 a_z: -2.57 m/s^2
θ_x: -0.11 θ_y: -0.59 θ_z: -0.00 rad/s

a_x 9.26 a_y: -1.47 a_z: -2.41 m/s^2
θ_x: -0.06 θ_y: -0.69 θ_z: -0.03 rad/s

a_x 9.46 a_y: -0.98 a_z: -2.39 m/s^2
θ_x: -0.09 θ_y: -0.85 θ_z: -0.06 rad/s

a_x 10.51 a_y: -0.65 a_z: -2.71 m/s^2
θ_x: -0.11 θ_y: -0.95 θ_z: -0.01 rad/s

a_x 11.07 a_y: -0.74 a_z: -3.01 m/s^2
θ_x: -0.13 θ_y: -0.80 θ_z: 0.03 rad/s

a_x 10.51 a_y: -0.70 a_z: -2.98 m/s^2
θ_x: -0.13 θ_y: -0.68 θ_z: 0.07 rad/s

a_x 10.59 a_y: -1.27 a_z: -3.24 m/s^2
θ_x: -0.12 θ_y: -0.76 θ_z: 0.10 rad/s

a_x 10.62 a_y: -1.84 a_z: -3.50 m/s^2
θ_x: -0.06 θ_y: -0.65 θ_z: 0.13 rad/s

a_x 9.90 a_y: -1.38 a_z: -3.17 m/s^2
θ_x: 0.01 θ_y: -0.70 θ_z: 0.15 rad/s

a_x 10.71 a_y: -0.74 a_z: -3.38 m/s^2
θ_x: -0.04 θ_y: -0.94 θ_z: 0.16 rad/s

a_x 11.59 a_y: -1.13 a_z: -3.82 m/s^2
θ_x: -0.08 θ_y: -0.83 θ_z: 0.14 rad/s

a_x 11.72 a_y: -0.92 a_z: -3.93 m/s^2
θ_x: -0.07 θ_y: -0.67 θ_z: 0.15 rad/s

a_x 11.28 a_y: -0.78 a_z: -3.86 m/s^2
θ_x: -0.11 θ_y: -0.53 θ_z: 0.09 rad/s

a_x 11.09 a_y: -1.06 a_z: -3.99 m/s^2
θ_x: -0.20 θ_y: -0.52 θ_z: -0.04 rad/s

a_x 11.11 a_y: -1.40 a_z: -4.21 m/s^2
θ_x: -0.17 θ_y: -0.46 θ_z: -0.03 rad/s

a_x 10.81 a_y: -1.25 a_z: -4.13 m/s^2
θ_x: -0.09 θ_y: -0.46 θ_z: 0.02 rad/s

a_x 11.07 a_y: -0.98 a_z: -4.15 m/s^2
θ_x: -0.07 θ_y: -0.49 θ_z: 0.06 rad/s

a_x 11.18 a_y: -0.86 a_z: -4.10 m/s^2
θ_x: -0.09 θ_y: -0.43 θ_z: 0.07 rad/s

a_x 11.20 a_y: -1.36 a_z: -4.17 m/s^2
θ_x: -0.10 θ_y: -0.40 θ_z: 0.02 rad/s

a_x 11.41 a_y: -1.16 a_z: -4.33 m/s^2
θ_x: -0.09 θ_y: -0.39 θ_z: 0.02 rad/s

a_x 11.44 a_y: -1.64 a_z: -4.57 m/s^2
θ_x: -0.06 θ_y: -0.27 θ_z: 0.02 rad/s

a_x 11.03 a_y: -1.67 a_z: -4.51 m/s^2
θ_x: -0.03 θ_y: -0.16 θ_z: -0.04 rad/s

a_x 10.89 a_y: -1.44 a_z: -4.39 m/s^2
θ_x: 0.00 θ_y: -0.15 θ_z: -0.06 rad/s

a_x 10.69 a_y: -1.35 a_z: -4.33 m/s^2
θ_x: 0.02 θ_y: -0.07 θ_z: -0.08 rad/s

a_x 10.45 a_y: -1.16 a_z: -4.28 m/s^2
θ_x: 0.02 θ_y: -0.04 θ_z: -0.10 rad/s

a_x 10.08 a_y: -1.05 a_z: -4.18 m/s^2
θ_x: 0.05 θ_y: -0.00 θ_z: -0.05 rad/s

a_x 10.08 a_y: -1.12 a_z: -4.14 m/s^2
θ_x: 0.03 θ_y: -0.10 θ_z: -0.06 rad/s

a_x 10.55 a_y: -1.05 a_z: -4.32 m/s^2
θ_x: 0.06 θ_y: -0.08 θ_z: -0.06 rad/s

a_x 10.41 a_y: -0.81 a_z: -4.33 m/s^2
θ_x: 0.05 θ_y: 0.04 θ_z: -0.06 rad/s

a_x 10.05 a_y: -0.77 a_z: -4.24 m/s^2
θ_x: 0.04 θ_y: 0.08 θ_z: -0.05 rad/s

a_x 10.01 a_y: -0.77 a_z: -4.25 m/s^2
θ_x: 0.03 θ_y: 0.06 θ_z: -0.04 rad/s

a_x 10.19 a_y: -0.75 a_z: -4.35 m/s^2
θ_x: 0.03 θ_y: 0.12 θ_z: -0.05 rad/s

a_x 9.81 a_y: -0.58 a_z: -4.19 m/s^2
θ_x: 0.00 θ_y: 0.20 θ_z: -0.04 rad/s

a_x 9.41 a_y: -0.93 a_z: -4.07 m/s^2
θ_x: -0.01 θ_y: 0.11 θ_z: 0.00 rad/s

a_x 9.86 a_y: -0.96 a_z: -4.23 m/s^2
θ_x: -0.01 θ_y: -0.01 θ_z: 0.03 rad/s

a_x 10.36 a_y: -1.12 a_z: -4.49 m/s^2
θ_x: 0.01 θ_y: 0.10 θ_z: 0.04 rad/s

a_x 9.83 a_y: -0.83 a_z: -4.23 m/s^2
θ_x: 0.04 θ_y: 0.23 θ_z: 0.04 rad/s

a_x 9.28 a_y: -0.59 a_z: -3.92 m/s^2
θ_x: 0.01 θ_y: 0.15 θ_z: 0.07 rad/s

a_x 9.59 a_y: -0.90 a_z: -4.09 m/s^2
θ_x: -0.03 θ_y: 0.04 θ_z: 0.04 rad/s

a_x 9.85 a_y: -0.81 a_z: -4.15 m/s^2
θ_x: -0.02 θ_y: 0.05 θ_z: 0.08 rad/s

a_x 9.38 a_y: -0.96 a_z: -4.02 m/s^2
θ_x: -0.02 θ_y: 0.07 θ_z: 0.09 rad/s

a_x 9.49 a_y: -1.16 a_z: -4.08 m/s^2
θ_x: -0.03 θ_y: -0.09 θ_z: 0.09 rad/s

a_x 9.91 a_y: -1.13 a_z: -4.25 m/s^2
θ_x: -0.01 θ_y: -0.07 θ_z: 0.08 rad/s

a_x 9.81 a_y: -1.05 a_z: -4.25 m/s^2
θ_x: -0.01 θ_y: 0.04 θ_z: 0.01 rad/s

a_x 9.82 a_y: -0.80 a_z: -4.18 m/s^2
θ_x: -0.01 θ_y: 0.02 θ_z: 0.02 rad/s

a_x 10.16 a_y: -1.05 a_z: -4.32 m/s^2
θ_x: -0.00 θ_y: 0.07 θ_z: 0.04 rad/s

a_x 10.01 a_y: -0.97 a_z: -4.20 m/s^2
θ_x: 0.02 θ_y: 0.20 θ_z: 0.05 rad/s

a_x 9.77 a_y: -0.91 a_z: -3.98 m/s^2
θ_x: 0.02 θ_y: 0.20 θ_z: 0.06 rad/s

a_x 9.92 a_y: -0.69 a_z: -3.96 m/s^2
θ_x: 0.01 θ_y: 0.17 θ_z: 0.06 rad/s

a_x 10.15 a_y: -0.86 a_z: -4.05 m/s^2
θ_x: 0.01 θ_y: 0.20 θ_z: 0.10 rad/s

a_x 10.39 a_y: -1.01 a_z: -4.12 m/s^2
θ_x: 0.01 θ_y: 0.23 θ_z: 0.14 rad/s

a_x 10.68 a_y: -0.91 a_z: -4.13 m/s^2
θ_x: 0.03 θ_y: 0.32 θ_z: 0.20 rad/s

a_x 11.09 a_y: -1.38 a_z: -4.26 m/s^2
θ_x: 0.08 θ_y: 0.45 θ_z: 0.22 rad/s

a_x 11.60 a_y: -1.31 a_z: -4.35 m/s^2
θ_x: 0.12 θ_y: 0.68 θ_z: 0.26 rad/s

a_x 10.99 a_y: -1.31 a_z: -4.13 m/s^2
θ_x: 0.23 θ_y: 1.04 θ_z: 0.41 rad/s

a_x 10.15 a_y: -1.62 a_z: -3.84 m/s^2
θ_x: 0.32 θ_y: 1.14 θ_z: 0.49 rad/s

a_x 10.24 a_y: -1.46 a_z: -3.59 m/s^2
θ_x: 0.40 θ_y: 1.16 θ_z: 0.50 rad/s

a_x 11.08 a_y: -1.66 a_z: -3.67 m/s^2
θ_x: 0.50 θ_y: 1.31 θ_z: 0.49 rad/s

a_x 11.17 a_y: -1.65 a_z: -3.58 m/s^2
θ_x: 0.46 θ_y: 1.74 θ_z: 0.26 rad/s

a_x 10.74 a_y: -1.95 a_z: -3.20 m/s^2
θ_x: 0.46 θ_y: 1.91 θ_z: 0.12 rad/s

a_x 11.07 a_y: -2.49 a_z: -3.10 m/s^2
θ_x: 0.49 θ_y: 2.06 θ_z: 0.00 rad/s

a_x 11.63 a_y: -2.79 a_z: -2.87 m/s^2
θ_x: 0.64 θ_y: 2.19 θ_z: 0.02 rad/s

a_x 12.87 a_y: -3.60 a_z: -3.35 m/s^2
θ_x: 0.95 θ_y: 2.60 θ_z: 0.21 rad/s

a_x 11.72 a_y: -2.45 a_z: -2.75 m/s^2
θ_x: 1.48 θ_y: 3.32 θ_z: 0.59 rad/s

a_x 9.67 a_y: -1.69 a_z: -1.83 m/s^2
θ_x: 1.87 θ_y: 3.48 θ_z: 0.90 rad/s

a_x 9.85 a_y: -1.69 a_z: -1.25 m/s^2
θ_x: 1.79 θ_y: 3.13 θ_z: 0.85 rad/s

a_x 12.39 a_y: -1.99 a_z: -1.64 m/s^2
θ_x: 1.66 θ_y: 3.12 θ_z: 0.78 rad/s

a_x 12.72 a_y: -2.40 a_z: -1.61 m/s^2
θ_x: 1.15 θ_y: 3.97 θ_z: 0.20 rad/s

a_x 9.64 a_y: -1.39 a_z: -0.07 m/s^2
θ_x: 1.17 θ_y: 4.55 θ_z: 0.11 rad/s

a_x 7.64 a_y: -2.35 a_z: 1.01 m/s^2
θ_x: 0.81 θ_y: 4.16 θ_z: -0.14 rad/s

a_x 7.76 a_y: -1.16 a_z: 1.46 m/s^2
θ_x: 1.04 θ_y: 3.67 θ_z: 0.31 rad/s

a_x 7.62 a_y: -1.27 a_z: 1.86 m/s^2
θ_x: 0.82 θ_y: 3.56 θ_z: 0.15 rad/s

a_x 7.31 a_y: -1.30 a_z: 3.49 m/s^2
θ_x: 0.95 θ_y: 3.13 θ_z: 0.47 rad/s

a_x 8.76 a_y: -0.49 a_z: 3.85 m/s^2
θ_x: 0.82 θ_y: 2.82 θ_z: 0.80 rad/s

a_x 8.49 a_y: -2.37 a_z: 3.81 m/s^2
θ_x: 0.88 θ_y: 3.00 θ_z: 1.13 rad/s

a_x 6.00 a_y: -2.28 a_z: 4.40 m/s^2
θ_x: 1.08 θ_y: 3.00 θ_z: 1.26 rad/s

a_x 5.43 a_y: -0.96 a_z: 5.66 m/s^2
θ_x: 1.06 θ_y: 2.30 θ_z: 1.18 rad/s

a_x 6.39 a_y: -0.92 a_z: 5.29 m/s^2
θ_x: 0.88 θ_y: 2.23 θ_z: 0.90 rad/s

a_x 4.69 a_y: -2.50 a_z: 5.91 m/s^2
θ_x: 0.80 θ_y: 2.18 θ_z: 0.60 rad/s

a_x 4.81 a_y: -2.17 a_z: 5.97 m/s^2
θ_x: 0.94 θ_y: 1.71 θ_z: 0.48 rad/s

a_x 5.66 a_y: -1.25 a_z: 6.49 m/s^2
θ_x: 0.95 θ_y: 1.33 θ_z: 0.43 rad/s

a_x 6.14 a_y: -0.56 a_z: 6.70 m/s^2
θ_x: 0.86 θ_y: 1.37 θ_z: 0.32 rad/s

a_x 5.43 a_y: -0.60 a_z: 6.77 m/s^2
θ_x: 0.69 θ_y: 1.47 θ_z: 0.21 rad/s

a_x 4.21 a_y: -1.21 a_z: 7.73 m/s^2
θ_x: 0.55 θ_y: 1.15 θ_z: 0.12 rad/s

a_x 5.64 a_y: -1.70 a_z: 7.04 m/s^2
θ_x: 0.50 θ_y: 0.74 θ_z: 0.12 rad/s

a_x 6.32 a_y: -1.82 a_z: 6.47 m/s^2
θ_x: 0.57 θ_y: 1.00 θ_z: 0.12 rad/s

a_x 4.19 a_y: -1.36 a_z: 7.25 m/s^2
θ_x: 0.65 θ_y: 1.33 θ_z: 0.07 rad/s

a_x 3.72 a_y: -1.25 a_z: 7.72 m/s^2
θ_x: 0.57 θ_y: 0.79 θ_z: -0.12 rad/s

a_x 5.60 a_y: -0.58 a_z: 7.29 m/s^2
θ_x: 0.54 θ_y: 0.60 θ_z: -0.07 rad/s

a_x 5.56 a_y: -1.22 a_z: 7.43 m/s^2
θ_x: 0.58 θ_y: 0.94 θ_z: 0.07 rad/s

a_x 4.34 a_y: -0.50 a_z: 7.75 m/s^2
θ_x: 0.65 θ_y: 1.08 θ_z: 0.31 rad/s

a_x 2.94 a_y: 0.49 a_z: 8.50 m/s^2
θ_x: 0.61 θ_y: 0.88 θ_z: 0.49 rad/s

a_x 2.50 a_y: 0.33 a_z: 8.39 m/s^2
θ_x: 0.43 θ_y: 0.58 θ_z: 0.49 rad/s

a_x 2.50 a_y: -1.17 a_z: 7.96 m/s^2
θ_x: 0.27 θ_y: 0.39 θ_z: 0.21 rad/s

a_x 3.46 a_y: -1.08 a_z: 8.27 m/s^2
θ_x: 0.39 θ_y: 0.05 θ_z: 0.19 rad/s

a_x 5.07 a_y: -0.45 a_z: 7.58 m/s^2
θ_x: 0.35 θ_y: 0.19 θ_z: 0.18 rad/s

a_x 3.79 a_y: -0.02 a_z: 8.03 m/s^2
θ_x: 0.35 θ_y: 0.56 θ_z: 0.25 rad/s

a_x 2.30 a_y: 0.38 a_z: 8.74 m/s^2
θ_x: 0.25 θ_y: 0.30 θ_z: 0.32 rad/s

a_x 3.44 a_y: 1.07 a_z: 8.31 m/s^2
θ_x: 0.06 θ_y: -0.13 θ_z: 0.39 rad/s

a_x 3.78 a_y: 1.36 a_z: 7.81 m/s^2
θ_x: -0.14 θ_y: 0.06 θ_z: 0.36 rad/s

a_x 2.22 a_y: 1.79 a_z: 8.12 m/s^2
θ_x: -0.48 θ_y: 0.05 θ_z: 0.25 rad/s

a_x 2.85 a_y: -1.21 a_z: 7.23 m/s^2
θ_x: -0.67 θ_y: -0.52 θ_z: 0.16 rad/s

a_x 5.16 a_y: -1.78 a_z: 6.47 m/s^2
θ_x: -0.54 θ_y: -0.48 θ_z: 0.14 rad/s

a_x 4.11 a_y: -0.73 a_z: 7.24 m/s^2
θ_x: -0.40 θ_y: -0.02 θ_z: 0.16 rad/s

a_x 2.19 a_y: -0.02 a_z: 8.22 m/s^2
θ_x: -0.53 θ_y: -0.24 θ_z: 0.01 rad/s

a_x 1.82 a_y: 1.65 a_z: 8.25 m/s^2
θ_x: -0.69 θ_y: -0.58 θ_z: -0.06 rad/s

a_x -0.96 a_y: 3.84 a_z: 9.01 m/s^2
θ_x: -1.05 θ_y: -0.68 θ_z: -0.18 rad/s

a_x 0.30 a_y: 2.17 a_z: 9.03 m/s^2
θ_x: -2.04 θ_y: -2.77 θ_z: -0.67 rad/s

a_x 11.06 a_y: -4.10 a_z: 3.55 m/s^2
θ_x: -2.00 θ_y: -3.16 θ_z: -0.36 rad/s

a_x 11.03 a_y: -4.57 a_z: 3.76 m/s^2
θ_x: -1.44 θ_y: -0.77 θ_z: -0.29 rad/s

a_x 1.36 a_y: -2.81 a_z: 7.09 m/s^2
θ_x: -1.15 θ_y: 0.03 θ_z: -0.50 rad/s

a_x -4.31 a_y: -1.21 a_z: 8.03 m/s^2
θ_x: -1.13 θ_y: -1.48 θ_z: -0.95 rad/s

a_x -3.86 a_y: 2.14 a_z: 7.41 m/s^2
θ_x: -1.37 θ_y: -3.59 θ_z: -1.18 rad/s

a_x 0.69 a_y: 1.90 a_z: 5.27 m/s^2
θ_x: -2.04 θ_y: -5.74 θ_z: -0.93 rad/s

a_x 13.54 a_y: -4.87 a_z: 0.11 m/s^2
θ_x: -2.20 θ_y: -7.30 θ_z: -0.22 rad/s

a_x 21.14 a_y: -5.53 a_z: -2.26 m/s^2
θ_x: -1.43 θ_y: -4.70 θ_z: 0.75 rad/s

a_x 11.99 a_y: -3.28 a_z: 1.62 m/s^2
θ_x: -1.20 θ_y: -1.35 θ_z: 0.90 rad/s

a_x -0.67 a_y: -3.55 a_z: 4.75 m/s^2
θ_x: -1.32 θ_y: -1.83 θ_z: 0.45 rad/s

a_x -2.93 a_y: 0.17 a_z: 3.77 m/s^2
θ_x: -1.59 θ_y: -4.97 θ_z: 0.38 rad/s

a_x 3.77 a_y: 1.15 a_z: -0.27 m/s^2
θ_x: -2.43 θ_y: -7.04 θ_z: 0.24 rad/s

a_x 9.46 a_y: -0.67 a_z: -3.78 m/s^2
θ_x: -3.08 θ_y: -7.10 θ_z: 0.07 rad/s

a_x 13.81 a_y: -6.62 a_z: -6.16 m/s^2
θ_x: -3.16 θ_y: -6.35 θ_z: -0.25 rad/s

a_x 14.92 a_y: -6.85 a_z: -6.33 m/s^2
θ_x: -2.13 θ_y: -4.52 θ_z: 0.29 rad/s

a_x 10.38 a_y: -4.93 a_z: -4.49 m/s^2
θ_x: -1.69 θ_y: -3.01 θ_z: 0.37 rad/s

a_x 5.36 a_y: -4.06 a_z: -3.58 m/s^2
θ_x: -1.56 θ_y: -2.94 θ_z: 0.18 rad/s

a_x 2.70 a_y: -3.24 a_z: -3.54 m/s^2
θ_x: -1.39 θ_y: -4.10 θ_z: 0.23 rad/s

a_x 6.27 a_y: -2.40 a_z: -6.01 m/s^2
θ_x: -1.47 θ_y: -5.43 θ_z: 0.41 rad/s

a_x 12.42 a_y: -4.52 a_z: -9.05 m/s^2
θ_x: -1.50 θ_y: -5.33 θ_z: 0.56 rad/s

a_x 15.11 a_y: -7.04 a_z: -10.00 m/s^2
θ_x: -1.29 θ_y: -3.64 θ_z: 0.49 rad/s

a_x 13.76 a_y: -8.73 a_z: -9.13 m/s^2
θ_x: -0.73 θ_y: -2.09 θ_z: 0.51 rad/s

a_x 11.53 a_y: -7.84 a_z: -8.19 m/s^2
θ_x: -0.04 θ_y: -1.17 θ_z: 0.58 rad/s

a_x 8.89 a_y: -5.97 a_z: -6.85 m/s^2
θ_x: 0.29 θ_y: -0.69 θ_z: 0.26 rad/s

a_x 9.00 a_y: -2.13 a_z: -6.43 m/s^2
θ_x: 0.24 θ_y: -1.07 θ_z: 0.15 rad/s

a_x 10.72 a_y: -2.58 a_z: -7.07 m/s^2
θ_x: -0.16 θ_y: -0.98 θ_z: 0.11 rad/s

a_x 10.92 a_y: -3.75 a_z: -7.25 m/s^2
θ_x: -0.31 θ_y: -0.53 θ_z: 0.10 rad/s

a_x 9.59 a_y: -4.65 a_z: -6.94 m/s^2
θ_x: -0.21 θ_y: -0.25 θ_z: 0.09 rad/s

a_x 8.24 a_y: -3.70 a_z: -6.58 m/s^2
θ_x: -0.09 θ_y: -0.40 θ_z: 0.14 rad/s

a_x 8.13 a_y: -3.92 a_z: -6.60 m/s^2
θ_x: -0.09 θ_y: -0.82 θ_z: 0.16 rad/s

a_x 9.50 a_y: -3.59 a_z: -7.29 m/s^2
θ_x: -0.07 θ_y: -0.97 θ_z: 0.21 rad/s

a_x 10.24 a_y: -3.50 a_z: -7.62 m/s^2
θ_x: -0.06 θ_y: -0.50 θ_z: 0.17 rad/s

a_x 9.16 a_y: -3.43 a_z: -7.20 m/s^2
θ_x: -0.13 θ_y: 0.04 θ_z: 0.04 rad/s

a_x 7.18 a_y: -3.73 a_z: -6.67 m/s^2
θ_x: -0.17 θ_y: 0.27 θ_z: -0.12 rad/s

a_x 6.18 a_y: -3.51 a_z: -6.28 m/s^2
θ_x: -0.23 θ_y: -0.05 θ_z: -0.14 rad/s

a_x 7.39 a_y: -3.74 a_z: -6.87 m/s^2
θ_x: -0.18 θ_y: -0.44 θ_z: -0.04 rad/s

a_x 8.52 a_y: -3.83 a_z: -7.39 m/s^2
θ_x: -0.14 θ_y: -0.36 θ_z: 0.00 rad/s

a_x 8.70 a_y: -3.69 a_z: -7.34 m/s^2
θ_x: -0.12 θ_y: -0.05 θ_z: 0.03 rad/s

a_x 8.04 a_y: -4.26 a_z: -7.20 m/s^2
θ_x: -0.14 θ_y: 0.24 θ_z: -0.06 rad/s

a_x 7.32 a_y: -4.10 a_z: -6.94 m/s^2
θ_x: -0.04 θ_y: 0.33 θ_z: -0.02 rad/s

a_x 6.64 a_y: -3.72 a_z: -6.65 m/s^2
θ_x: -0.03 θ_y: 0.27 θ_z: -0.14 rad/s

a_x 7.11 a_y: -3.67 a_z: -6.79 m/s^2
θ_x: -0.08 θ_y: 0.01 θ_z: -0.21 rad/s

a_x 8.18 a_y: -3.83 a_z: -7.15 m/s^2
θ_x: -0.09 θ_y: 0.05 θ_z: -0.26 rad/s

a_x 8.43 a_y: -3.89 a_z: -7.30 m/s^2
θ_x: -0.05 θ_y: 0.26 θ_z: -0.25 rad/s

a_x 8.48 a_y: -3.96 a_z: -7.20 m/s^2
θ_x: -0.01 θ_y: 0.31 θ_z: -0.25 rad/s

a_x 9.11 a_y: -3.85 a_z: -7.07 m/s^2
θ_x: 0.03 θ_y: 0.50 θ_z: -0.27 rad/s

a_x 9.30 a_y: -3.99 a_z: -7.02 m/s^2
θ_x: -0.02 θ_y: 0.93 θ_z: -0.50 rad/s

a_x 9.96 a_y: -3.91 a_z: -7.33 m/s^2
θ_x: 0.01 θ_y: 1.17 θ_z: -0.51 rad/s

a_x 11.04 a_y: -4.44 a_z: -7.66 m/s^2
θ_x: 0.34 θ_y: 1.51 θ_z: -0.11 rad/s

a_x 10.88 a_y: -4.68 a_z: -6.95 m/s^2
θ_x: 0.51 θ_y: 2.14 θ_z: -0.10 rad/s

a_x 10.63 a_y: -4.90 a_z: -7.42 m/s^2
θ_x: 0.69 θ_y: 2.85 θ_z: -0.19 rad/s

a_x 10.27 a_y: -4.52 a_z: -6.94 m/s^2
θ_x: 1.06 θ_y: 3.44 θ_z: -0.03 rad/s

a_x 9.65 a_y: -2.36 a_z: -5.39 m/s^2
θ_x: 1.38 θ_y: 3.83 θ_z: 0.44 rad/s

a_x 8.65 a_y: -3.09 a_z: -4.96 m/s^2
θ_x: 1.49 θ_y: 3.81 θ_z: 0.69 rad/s

a_x 7.68 a_y: -3.65 a_z: -4.48 m/s^2
θ_x: 1.68 θ_y: 3.73 θ_z: 0.75 rad/s

a_x 5.63 a_y: -2.33 a_z: -2.98 m/s^2
θ_x: 1.54 θ_y: 3.38 θ_z: 0.74 rad/s

a_x 5.25 a_y: -3.07 a_z: -1.65 m/s^2
θ_x: 0.99 θ_y: 2.35 θ_z: 0.29 rad/s

a_x 6.58 a_y: -2.94 a_z: -1.57 m/s^2
θ_x: 0.76 θ_y: 1.47 θ_z: 0.18 rad/s

a_x 8.42 a_y: -3.48 a_z: -2.08 m/s^2
θ_x: 0.36 θ_y: 1.12 θ_z: -0.15 rad/s

a_x 8.96 a_y: -3.92 a_z: -2.01 m/s^2
θ_x: 0.39 θ_y: 1.36 θ_z: -0.11 rad/s

a_x 8.07 a_y: -3.34 a_z: -1.08 m/s^2
θ_x: 0.36 θ_y: 1.28 θ_z: -0.10 rad/s

a_x 8.21 a_y: -3.89 a_z: -1.01 m/s^2
θ_x: 0.21 θ_y: 0.82 θ_z: -0.05 rad/s

a_x 9.41 a_y: -4.25 a_z: -1.68 m/s^2
θ_x: 0.29 θ_y: 0.81 θ_z: -0.07 rad/s

a_x 8.20 a_y: -3.02 a_z: -0.72 m/s^2
θ_x: 0.28 θ_y: 0.98 θ_z: 0.01 rad/s

a_x 7.38 a_y: -3.30 a_z: -0.22 m/s^2
θ_x: 0.10 θ_y: 0.50 θ_z: -0.04 rad/s

a_x 8.66 a_y: -3.30 a_z: -0.68 m/s^2
θ_x: 0.03 θ_y: 0.10 θ_z: 0.07 rad/s

a_x 9.83 a_y: -3.84 a_z: -0.93 m/s^2
θ_x: 0.01 θ_y: 0.10 θ_z: 0.17 rad/s

a_x 9.74 a_y: -4.40 a_z: -1.17 m/s^2
θ_x: 0.03 θ_y: 0.40 θ_z: 0.11 rad/s

a_x 8.53 a_y: -4.02 a_z: -0.47 m/s^2
θ_x: 0.05 θ_y: 0.40 θ_z: 0.12 rad/s

a_x 8.08 a_y: -3.53 a_z: -0.20 m/s^2
θ_x: -0.03 θ_y: 0.05 θ_z: 0.21 rad/s

a_x 8.86 a_y: -4.23 a_z: -0.87 m/s^2
θ_x: -0.17 θ_y: -0.21 θ_z: 0.09 rad/s

a_x 8.53 a_y: -4.27 a_z: -0.84 m/s^2
θ_x: -0.08 θ_y: -0.03 θ_z: 0.05 rad/s

a_x 7.09 a_y: -4.10 a_z: -0.78 m/s^2
θ_x: -0.16 θ_y: -0.19 θ_z: -0.13 rad/s

a_x 6.66 a_y: -4.21 a_z: -0.28 m/s^2
θ_x: -0.19 θ_y: -0.78 θ_z: -0.22 rad/s

a_x 9.68 a_y: -3.91 a_z: -0.85 m/s^2
θ_x: -0.40 θ_y: -1.54 θ_z: -0.21 rad/s

a_x 12.22 a_y: -5.04 a_z: -2.46 m/s^2
θ_x: -0.45 θ_y: -0.93 θ_z: -0.36 rad/s

a_x 10.66 a_y: -4.29 a_z: -2.27 m/s^2
θ_x: -0.37 θ_y: -0.03 θ_z: -0.51 rad/s

a_x 7.58 a_y: -3.01 a_z: -0.81 m/s^2
θ_x: -0.91 θ_y: -0.15 θ_z: -0.74 rad/s

a_x 7.62 a_y: -3.69 a_z: -0.88 m/s^2
θ_x: -0.97 θ_y: -0.96 θ_z: -0.38 rad/s

a_x 10.09 a_y: -2.73 a_z: -1.84 m/s^2
θ_x: -1.13 θ_y: -1.41 θ_z: -0.06 rad/s

a_x 11.04 a_y: -5.32 a_z: -2.63 m/s^2
θ_x: -1.40 θ_y: -0.94 θ_z: 0.15 rad/s

a_x 9.81 a_y: -9.19 a_z: -2.55 m/s^2
θ_x: -0.44 θ_y: -0.60 θ_z: 0.18 rad/s

a_x 9.02 a_y: -7.03 a_z: -2.78 m/s^2
θ_x: 0.98 θ_y: -0.67 θ_z: 0.12 rad/s

a_x 8.70 a_y: -3.15 a_z: -2.35 m/s^2
θ_x: 1.42 θ_y: -0.69 θ_z: 0.34 rad/s

a_x 8.66 a_y: -1.57 a_z: -2.39 m/s^2
θ_x: 1.00 θ_y: -0.69 θ_z: 0.15 rad/s

a_x 9.01 a_y: -2.04 a_z: -2.26 m/s^2
θ_x: 0.32 θ_y: -0.74 θ_z: -0.33 rad/s

a_x 10.16 a_y: -3.02 a_z: -2.60 m/s^2
θ_x: 0.18 θ_y: -0.56 θ_z: -0.17 rad/s

a_x 9.59 a_y: -3.02 a_z: -2.53 m/s^2
θ_x: 0.33 θ_y: -0.27 θ_z: 0.38 rad/s

a_x 9.04 a_y: -2.94 a_z: -2.53 m/s^2
θ_x: 0.37 θ_y: -0.34 θ_z: 0.86 rad/s

a_x 9.96 a_y: -2.76 a_z: -2.68 m/s^2
θ_x: 0.54 θ_y: -0.27 θ_z: 1.30 rad/s

a_x 10.21 a_y: -2.45 a_z: -2.95 m/s^2
θ_x: 0.50 θ_y: 0.04 θ_z: 1.80 rad/s

a_x 9.38 a_y: -3.61 a_z: -2.73 m/s^2
θ_x: 0.53 θ_y: 0.44 θ_z: 2.29 rad/s

a_x 8.37 a_y: -4.36 a_z: -2.57 m/s^2
θ_x: 0.52 θ_y: 0.44 θ_z: 2.58 rad/s

a_x 7.74 a_y: -4.73 a_z: -2.26 m/s^2
θ_x: 0.56 θ_y: 0.32 θ_z: 2.93 rad/s

a_x 8.22 a_y: -4.33 a_z: -1.87 m/s^2
θ_x: 0.41 θ_y: -0.09 θ_z: 3.50 rad/s

a_x 8.83 a_y: -4.52 a_z: -2.32 m/s^2
θ_x: 0.34 θ_y: -0.20 θ_z: 4.55 rad/s

a_x 7.73 a_y: -4.96 a_z: -2.49 m/s^2
θ_x: 0.29 θ_y: 0.02 θ_z: 5.46 rad/s

a_x 5.84 a_y: -6.74 a_z: -2.43 m/s^2
θ_x: -0.09 θ_y: 0.19 θ_z: 5.42 rad/s

a_x 4.22 a_y: -8.38 a_z: -2.60 m/s^2
θ_x: -0.24 θ_y: 0.16 θ_z: 5.08 rad/s

a_x 3.05 a_y: -10.53 a_z: -2.68 m/s^2
θ_x: -0.38 θ_y: 0.08 θ_z: 4.19 rad/s

a_x 3.47 a_y: -11.46 a_z: -2.87 m/s^2
θ_x: -0.43 θ_y: -0.24 θ_z: 2.82 rad/s

a_x 5.36 a_y: -11.01 a_z: -3.20 m/s^2
θ_x: -0.38 θ_y: -0.15 θ_z: 1.78 rad/s

a_x 5.25 a_y: -11.80 a_z: -2.86 m/s^2
θ_x: -0.27 θ_y: 0.30 θ_z: 0.95 rad/s

a_x 4.85 a_y: -9.47 a_z: -1.86 m/s^2
θ_x: -0.09 θ_y: 0.20 θ_z: 0.56 rad/s

a_x 5.40 a_y: -6.74 a_z: -1.72 m/s^2
θ_x: -0.51 θ_y: 0.04 θ_z: 0.04 rad/s

a_x 6.02 a_y: -7.36 a_z: -2.10 m/s^2
θ_x: -1.12 θ_y: 0.01 θ_z: -0.81 rad/s

a_x 6.46 a_y: -8.69 a_z: -2.90 m/s^2
θ_x: -1.36 θ_y: 0.28 θ_z: -1.60 rad/s

a_x 6.09 a_y: -9.57 a_z: -3.20 m/s^2
θ_x: -1.16 θ_y: 0.71 θ_z: -1.93 rad/s

a_x 4.85 a_y: -9.87 a_z: -3.02 m/s^2
θ_x: -1.04 θ_y: 0.84 θ_z: -2.32 rad/s

a_x 4.68 a_y: -9.02 a_z: -2.99 m/s^2
θ_x: -0.93 θ_y: 0.56 θ_z: -2.69 rad/s

a_x 6.18 a_y: -8.45 a_z: -3.30 m/s^2
θ_x: -0.96 θ_y: 0.43 θ_z: -3.09 rad/s

a_x 7.23 a_y: -8.37 a_z: -3.56 m/s^2
θ_x: -0.87 θ_y: 0.67 θ_z: -3.24 rad/s

a_x 6.97 a_y: -7.08 a_z: -3.31 m/s^2
θ_x: -0.72 θ_y: 0.88 θ_z: -3.04 rad/s

a_x 5.72 a_y: -5.90 a_z: -3.03 m/s^2
θ_x: -0.94 θ_y: 0.82 θ_z: -3.15 rad/s

a_x 4.35 a_y: -6.16 a_z: -2.68 m/s^2
θ_x: -1.45 θ_y: 0.31 θ_z: -3.64 rad/s

a_x 5.25 a_y: -7.54 a_z: -3.73 m/s^2
θ_x: -1.89 θ_y: -0.34 θ_z: -4.66 rad/s

a_x 7.68 a_y: -9.34 a_z: -5.03 m/s^2
θ_x: -2.08 θ_y: -0.55 θ_z: -6.16 rad/s

a_x 11.26 a_y: -8.06 a_z: -6.07 m/s^2
θ_x: -1.83 θ_y: -0.32 θ_z: -6.94 rad/s

a_x 11.84 a_y: -6.80 a_z: -6.13 m/s^2
θ_x: -1.57 θ_y: 1.21 θ_z: -7.81 rad/s

a_x 7.21 a_y: -3.08 a_z: -3.78 m/s^2
θ_x: -1.24 θ_y: 2.12 θ_z: -8.53 rad/s

a_x 5.25 a_y: 1.55 a_z: -1.73 m/s^2
θ_x: -1.50 θ_y: 0.97 θ_z: -8.73 rad/s

a_x 9.65 a_y: 5.54 a_z: -2.72 m/s^2
θ_x: -1.98 θ_y: -0.37 θ_z: -8.38 rad/s

a_x 13.32 a_y: 6.44 a_z: -3.96 m/s^2
θ_x: -2.66 θ_y: 0.19 θ_z: -7.79 rad/s

a_x 11.94 a_y: 4.45 a_z: -3.52 m/s^2
θ_x: -3.50 θ_y: 1.61 θ_z: -8.30 rad/s

a_x 9.78 a_y: 3.29 a_z: -3.12 m/s^2
θ_x: -3.59 θ_y: 2.15 θ_z: -8.27 rad/s

a_x 9.98 a_y: 5.16 a_z: -2.13 m/s^2
θ_x: -3.55 θ_y: 2.30 θ_z: -8.13 rad/s

a_x 9.86 a_y: 7.76 a_z: -1.98 m/s^2
θ_x: -3.97 θ_y: 2.82 θ_z: -8.31 rad/s

a_x 6.47 a_y: 4.17 a_z: -1.09 m/s^2
θ_x: -3.69 θ_y: 3.62 θ_z: -7.22 rad/s

a_x 1.48 a_y: 5.87 a_z: 1.30 m/s^2
θ_x: -3.31 θ_y: 3.32 θ_z: -7.75 rad/s

a_x 0.48 a_y: 7.40 a_z: 1.74 m/s^2
θ_x: -3.26 θ_y: 2.09 θ_z: -7.87 rad/s

a_x 3.48 a_y: 7.11 a_z: 1.19 m/s^2
θ_x: -3.30 θ_y: 1.42 θ_z: -7.94 rad/s

a_x 2.32 a_y: 2.72 a_z: 0.51 m/s^2
θ_x: -2.33 θ_y: 1.57 θ_z: -7.02 rad/s

a_x 3.49 a_y: 5.64 a_z: -0.18 m/s^2
θ_x: -0.73 θ_y: 1.00 θ_z: -5.23 rad/s

a_x 5.38 a_y: 8.91 a_z: -0.61 m/s^2
θ_x: 0.19 θ_y: 1.55 θ_z: -3.83 rad/s

a_x -0.61 a_y: 8.60 a_z: 1.10 m/s^2
θ_x: 0.38 θ_y: 2.78 θ_z: -3.70 rad/s

a_x -6.97 a_y: 6.61 a_z: 2.91 m/s^2
θ_x: 0.47 θ_y: 1.98 θ_z: -3.79 rad/s

a_x -2.26 a_y: 11.16 a_z: 2.32 m/s^2
θ_x: 0.61 θ_y: 0.63 θ_z: -3.39 rad/s

a_x -0.35 a_y: 13.63 a_z: 1.96 m/s^2
θ_x: 0.20 θ_y: 1.52 θ_z: -3.26 rad/s

a_x -6.16 a_y: 10.81 a_z: 3.40 m/s^2
θ_x: -0.48 θ_y: 1.92 θ_z: -3.48 rad/s

a_x -6.20 a_y: 7.78 a_z: 2.97 m/s^2
θ_x: -0.89 θ_y: 0.88 θ_z: -3.52 rad/s

a_x -2.04 a_y: 7.78 a_z: 1.40 m/s^2
θ_x: -0.70 θ_y: 0.63 θ_z: -3.11 rad/s

a_x -1.41 a_y: 8.38 a_z: 0.82 m/s^2
θ_x: -0.53 θ_y: 1.68 θ_z: -2.77 rad/s

a_x -6.60 a_y: 8.35 a_z: 1.73 m/s^2
θ_x: -0.28 θ_y: 2.12 θ_z: -2.35 rad/s

a_x -8.12 a_y: 9.09 a_z: 2.17 m/s^2
θ_x: -0.39 θ_y: 1.09 θ_z: -2.17 rad/s

a_x -4.59 a_y: 9.54 a_z: 1.12 m/s^2
θ_x: -0.63 θ_y: 0.59 θ_z: -2.00 rad/s

a_x -4.30 a_y: 8.14 a_z: 0.74 m/s^2
θ_x: -0.73 θ_y: 1.01 θ_z: -1.87 rad/s

a_x -4.93 a_y: 6.22 a_z: 0.61 m/s^2
θ_x: -0.67 θ_y: 1.16 θ_z: -1.68 rad/s

a_x -4.72 a_y: 6.36 a_z: 0.32 m/s^2
θ_x: -0.36 θ_y: 1.35 θ_z: -1.40 rad/s

a_x -6.64 a_y: 7.06 a_z: 0.87 m/s^2
θ_x: -0.32 θ_y: 1.35 θ_z: -1.32 rad/s

a_x -7.54 a_y: 5.60 a_z: 0.68 m/s^2
θ_x: -0.28 θ_y: 0.95 θ_z: -1.27 rad/s

a_x -6.27 a_y: 5.59 a_z: 0.46 m/s^2
θ_x: -0.08 θ_y: 0.57 θ_z: -1.10 rad/s

a_x -5.40 a_y: 6.26 a_z: 0.38 m/s^2
θ_x: 0.04 θ_y: 0.69 θ_z: -1.01 rad/s

a_x -5.77 a_y: 7.44 a_z: 0.52 m/s^2
θ_x: 0.01 θ_y: 0.85 θ_z: -0.86 rad/s

a_x -6.50 a_y: 6.21 a_z: 0.35 m/s^2
θ_x: -0.06 θ_y: 0.79 θ_z: -0.79 rad/s

a_x -5.72 a_y: 5.88 a_z: -0.22 m/s^2
θ_x: -0.02 θ_y: 0.83 θ_z: -0.78 rad/s

a_x -7.54 a_y: 5.41 a_z: 0.11 m/s^2
θ_x: 0.09 θ_y: 1.13 θ_z: -0.94 rad/s

a_x -8.83 a_y: 6.29 a_z: 0.74 m/s^2
θ_x: 0.14 θ_y: 0.65 θ_z: -0.80 rad/s

a_x -7.04 a_y: 6.53 a_z: 0.45 m/s^2
θ_x: 0.13 θ_y: 0.20 θ_z: -0.59 rad/s

a_x -6.45 a_y: 6.47 a_z: 0.27 m/s^2
θ_x: 0.18 θ_y: 0.49 θ_z: -0.50 rad/s

a_x -8.53 a_y: 6.26 a_z: 0.55 m/s^2
θ_x: 0.13 θ_y: 0.54 θ_z: -0.52 rad/s

a_x -8.46 a_y: 6.09 a_z: 0.44 m/s^2
θ_x: 0.10 θ_y: 0.12 θ_z: -0.50 rad/s

a_x -7.18 a_y: 6.37 a_z: 0.20 m/s^2
θ_x: 0.16 θ_y: -0.03 θ_z: -0.36 rad/s

a_x -7.02 a_y: 6.39 a_z: 0.37 m/s^2
θ_x: 0.13 θ_y: 0.09 θ_z: -0.21 rad/s

a_x -7.33 a_y: 6.79 a_z: 0.65 m/s^2
θ_x: 0.12 θ_y: 0.15 θ_z: -0.00 rad/s

a_x -7.83 a_y: 5.79 a_z: 0.45 m/s^2
θ_x: 0.02 θ_y: 0.08 θ_z: 0.16 rad/s

a_x -6.83 a_y: 5.70 a_z: 0.23 m/s^2
θ_x: 0.14 θ_y: -0.02 θ_z: 0.46 rad/s

a_x -7.67 a_y: 6.04 a_z: 0.55 m/s^2
θ_x: 0.29 θ_y: 0.23 θ_z: 0.62 rad/s

a_x -7.93 a_y: 6.76 a_z: 0.83 m/s^2
θ_x: 0.24 θ_y: 0.01 θ_z: 0.88 rad/s

a_x -6.78 a_y: 7.02 a_z: 0.37 m/s^2
θ_x: 0.28 θ_y: -0.02 θ_z: 1.33 rad/s

a_x -6.36 a_y: 7.45 a_z: 0.38 m/s^2
θ_x: 0.39 θ_y: 0.08 θ_z: 1.89 rad/s

a_x -7.41 a_y: 7.00 a_z: 0.15 m/s^2
θ_x: 0.37 θ_y: 0.43 θ_z: 2.28 rad/s

a_x -10.14 a_y: 5.93 a_z: 0.65 m/s^2
θ_x: 0.57 θ_y: 0.11 θ_z: 2.50 rad/s

a_x -7.34 a_y: 7.56 a_z: 0.20 m/s^2
θ_x: 0.62 θ_y: -0.99 θ_z: 2.89 rad/s

a_x -2.09 a_y: 7.36 a_z: -1.30 m/s^2
θ_x: 0.87 θ_y: -1.13 θ_z: 3.70 rad/s

a_x -1.09 a_y: 7.30 a_z: -2.07 m/s^2
θ_x: 1.38 θ_y: -0.20 θ_z: 4.67 rad/s

a_x -5.08 a_y: 6.87 a_z: -1.28 m/s^2
θ_x: 1.82 θ_y: 0.40 θ_z: 5.29 rad/s

a_x -6.52 a_y: 9.65 a_z: 0.09 m/s^2
θ_x: 1.93 θ_y: -0.21 θ_z: 5.59 rad/s

a_x -4.27 a_y: 11.04 a_z: -0.16 m/s^2
θ_x: 1.32 θ_y: -0.56 θ_z: 5.30 rad/s

a_x -2.38 a_y: 9.60 a_z: -0.96 m/s^2
θ_x: 0.90 θ_y: -0.52 θ_z: 5.06 rad/s

a_x -1.12 a_y: 9.28 a_z: -1.95 m/s^2
θ_x: 0.90 θ_y: -0.36 θ_z: 5.13 rad/s

a_x -0.94 a_y: 9.01 a_z: -2.07 m/s^2
θ_x: 0.93 θ_y: -0.32 θ_z: 5.03 rad/s

a_x 0.34 a_y: 9.02 a_z: -2.43 m/s^2
θ_x: 1.13 θ_y: -0.53 θ_z: 5.34 rad/s

a_x 0.64 a_y: 8.95 a_z: -2.43 m/s^2
θ_x: 1.33 θ_y: -0.44 θ_z: 5.48 rad/s

a_x 0.68 a_y: 9.15 a_z: -1.85 m/s^2
θ_x: 1.39 θ_y: -0.72 θ_z: 5.48 rad/s

a_x 2.51 a_y: 9.71 a_z: -2.04 m/s^2
θ_x: 1.29 θ_y: -1.06 θ_z: 5.45 rad/s

a_x 5.04 a_y: 10.15 a_z: -2.56 m/s^2
θ_x: 1.25 θ_y: -0.88 θ_z: 5.52 rad/s

a_x 5.95 a_y: 10.98 a_z: -2.44 m/s^2
θ_x: 1.24 θ_y: -0.26 θ_z: 5.86 rad/s

a_x 5.97 a_y: 10.27 a_z: -2.64 m/s^2
θ_x: 0.99 θ_y: 0.16 θ_z: 5.91 rad/s

a_x 6.07 a_y: 9.03 a_z: -3.23 m/s^2
θ_x: 0.93 θ_y: 0.57 θ_z: 5.77 rad/s

a_x 4.41 a_y: 8.00 a_z: -2.68 m/s^2
θ_x: 0.89 θ_y: 0.75 θ_z: 5.40 rad/s

a_x 3.75 a_y: 8.48 a_z: -2.01 m/s^2
θ_x: 0.83 θ_y: 0.14 θ_z: 5.57 rad/s

a_x 5.89 a_y: 7.82 a_z: -1.92 m/s^2
θ_x: 0.49 θ_y: -0.72 θ_z: 5.55 rad/s

a_x 9.62 a_y: 6.64 a_z: -2.92 m/s^2
θ_x: 0.52 θ_y: -0.86 θ_z: 5.80 rad/s

a_x 11.13 a_y: 6.94 a_z: -3.20 m/s^2
θ_x: 0.74 θ_y: -0.31 θ_z: 6.27 rad/s

a_x 9.43 a_y: 4.40 a_z: -3.03 m/s^2
θ_x: 0.53 θ_y: 0.16 θ_z: 6.09 rad/s

a_x 9.92 a_y: 1.29 a_z: -3.59 m/s^2
θ_x: 0.58 θ_y: -0.23 θ_z: 6.06 rad/s

a_x 11.98 a_y: -0.02 a_z: -4.62 m/s^2
θ_x: 1.06 θ_y: -0.05 θ_z: 6.13 rad/s

a_x 11.17 a_y: 2.03 a_z: -3.74 m/s^2
θ_x: 1.72 θ_y: 0.57 θ_z: 6.55 rad/s

a_x 8.63 a_y: 3.53 a_z: -1.98 m/s^2
θ_x: 1.59 θ_y: 0.53 θ_z: 6.80 rad/s

a_x 8.46 a_y: 2.20 a_z: -2.45 m/s^2
θ_x: 1.28 θ_y: -0.08 θ_z: 7.09 rad/s

a_x 7.85 a_y: -1.42 a_z: -3.02 m/s^2
θ_x: 0.80 θ_y: 0.04 θ_z: 6.24 rad/s

a_x 7.74 a_y: -3.38 a_z: -2.90 m/s^2
θ_x: 0.95 θ_y: -0.34 θ_z: 6.08 rad/s

a_x 9.22 a_y: -4.50 a_z: -3.45 m/s^2
θ_x: 1.05 θ_y: -0.52 θ_z: 5.96 rad/s

a_x 9.75 a_y: -5.04 a_z: -3.68 m/s^2
θ_x: 1.34 θ_y: -0.27 θ_z: 6.02 rad/s

a_x 8.59 a_y: -5.35 a_z: -3.01 m/s^2
θ_x: 1.41 θ_y: -0.03 θ_z: 5.73 rad/s

a_x 9.11 a_y: -4.75 a_z: -2.39 m/s^2
θ_x: 1.34 θ_y: -0.17 θ_z: 5.50 rad/s

a_x 10.08 a_y: -4.61 a_z: -3.34 m/s^2
θ_x: 1.06 θ_y: 0.41 θ_z: 5.01 rad/s

a_x 5.66 a_y: -6.69 a_z: -3.01 m/s^2
θ_x: 0.94 θ_y: 1.59 θ_z: 4.39 rad/s

a_x 1.07 a_y: -7.40 a_z: -1.13 m/s^2
θ_x: 0.83 θ_y: 1.03 θ_z: 3.92 rad/s

a_x 3.08 a_y: -7.45 a_z: -1.27 m/s^2
θ_x: 0.50 θ_y: -0.40 θ_z: 3.93 rad/s

a_x 6.96 a_y: -9.58 a_z: -2.45 m/s^2
θ_x: 0.57 θ_y: -0.73 θ_z: 4.32 rad/s

a_x 8.78 a_y: -10.79 a_z: -3.09 m/s^2
θ_x: 1.04 θ_y: -0.27 θ_z: 4.90 rad/s

a_x 7.95 a_y: -11.78 a_z: -3.34 m/s^2
θ_x: 1.62 θ_y: 0.63 θ_z: 5.12 rad/s

a_x 5.69 a_y: -10.24 a_z: -2.42 m/s^2
θ_x: 2.11 θ_y: 1.30 θ_z: 4.82 rad/s

a_x 3.41 a_y: -7.69 a_z: -1.61 m/s^2
θ_x: 2.00 θ_y: 1.78 θ_z: 3.91 rad/s

a_x 1.55 a_y: -5.28 a_z: -0.39 m/s^2
θ_x: 1.68 θ_y: 1.80 θ_z: 3.37 rad/s

a_x 0.85 a_y: -2.98 a_z: 0.34 m/s^2
θ_x: 0.84 θ_y: 1.48 θ_z: 3.22 rad/s

a_x 0.15 a_y: -5.07 a_z: -0.73 m/s^2
θ_x: -0.13 θ_y: 1.34 θ_z: 3.26 rad/s

a_x -1.27 a_y: -10.01 a_z: -1.42 m/s^2
θ_x: -0.33 θ_y: 1.25 θ_z: 3.39 rad/s

a_x -1.69 a_y: -11.77 a_z: -2.17 m/s^2
θ_x: 0.03 θ_y: 1.23 θ_z: 3.21 rad/s

a_x -2.83 a_y: -10.88 a_z: -1.99 m/s^2
θ_x: 0.56 θ_y: 1.43 θ_z: 3.07 rad/s

a_x 49.03 a_y: -77.23 a_z: 0.55 m/s^2
θ_x: 31.33 θ_y: -6.55 θ_z: -0.20 rad/s

a_x 49.11 a_y: 49.03 a_z: -77.23 m/s^2
θ_x: 0.12 θ_y: 3.80 θ_z: 0.12 rad/s


-----------------------------------------------
Date: 12/10/2025 - 4:26:12 PM
End log file
